16-Mar-2018 03:23:13.954 WARNING [http-nio-8081-exec-11] org.apache.catalina.realm.LockOutRealm.filterLockedAccounts An attempt was made to authenticate the locked user [admin]
16-Mar-2018 03:23:14.356 WARNING [http-nio-8081-exec-14] org.apache.catalina.realm.LockOutRealm.filterLockedAccounts An attempt was made to authenticate the locked user [tomcat]
16-Mar-2018 03:23:14.603 WARNING [http-nio-8081-exec-14] org.apache.catalina.realm.LockOutRealm.filterLockedAccounts An attempt was made to authenticate the locked user [root]
16-Mar-2018 03:23:14.612 WARNING [http-nio-8081-exec-11] org.apache.catalina.realm.LockOutRealm.filterLockedAccounts An attempt was made to authenticate the locked user [root]
16-Mar-2018 03:23:14.817 WARNING [http-nio-8081-exec-18] org.apache.catalina.realm.LockOutRealm.filterLockedAccounts An attempt was made to authenticate the locked user [manager]
16-Mar-2018 03:23:16.556 WARNING [http-nio-8081-exec-16] org.apache.catalina.realm.LockOutRealm.filterLockedAccounts An attempt was made to authenticate the locked user [admin]
16-Mar-2018 03:23:16.883 WARNING [http-nio-8081-exec-18] org.apache.catalina.realm.LockOutRealm.filterLockedAccounts An attempt was made to authenticate the locked user [admin]
16-Mar-2018 03:23:17.213 WARNING [http-nio-8081-exec-19] org.apache.catalina.realm.LockOutRealm.filterLockedAccounts An attempt was made to authenticate the locked user [tomcat]
16-Mar-2018 03:23:17.636 WARNING [http-nio-8081-exec-11] org.apache.catalina.realm.LockOutRealm.filterLockedAccounts An attempt was made to authenticate the locked user [manager]
16-Mar-2018 03:23:24.106 WARNING [http-nio-8081-exec-12] org.apache.catalina.realm.LockOutRealm.filterLockedAccounts An attempt was made to authenticate the locked user [manager]
16-Mar-2018 09:17:25.406 WARNING [http-nio-8081-exec-16] org.apache.catalina.realm.LockOutRealm.filterLockedAccounts An attempt was made to authenticate the locked user [root]
16-Mar-2018 09:17:25.874 WARNING [http-nio-8081-exec-18] org.apache.catalina.realm.LockOutRealm.filterLockedAccounts An attempt was made to authenticate the locked user [root]
16-Mar-2018 09:17:26.358 WARNING [http-nio-8081-exec-20] org.apache.catalina.realm.LockOutRealm.filterLockedAccounts An attempt was made to authenticate the locked user [root]
16-Mar-2018 09:17:26.860 WARNING [http-nio-8081-exec-14] org.apache.catalina.realm.LockOutRealm.filterLockedAccounts An attempt was made to authenticate the locked user [root]
16-Mar-2018 09:17:27.307 WARNING [http-nio-8081-exec-13] org.apache.catalina.realm.LockOutRealm.filterLockedAccounts An attempt was made to authenticate the locked user [root]
16-Mar-2018 09:17:30.447 WARNING [http-nio-8081-exec-13] org.apache.catalina.realm.LockOutRealm.filterLockedAccounts An attempt was made to authenticate the locked user [admin]
16-Mar-2018 09:17:30.920 WARNING [http-nio-8081-exec-16] org.apache.catalina.realm.LockOutRealm.filterLockedAccounts An attempt was made to authenticate the locked user [admin]
16-Mar-2018 09:17:31.405 WARNING [http-nio-8081-exec-18] org.apache.catalina.realm.LockOutRealm.filterLockedAccounts An attempt was made to authenticate the locked user [admin]
16-Mar-2018 09:17:32.886 WARNING [http-nio-8081-exec-19] org.apache.catalina.realm.LockOutRealm.filterLockedAccounts An attempt was made to authenticate the locked user [admin]
16-Mar-2018 09:17:34.134 WARNING [http-nio-8081-exec-11] org.apache.catalina.realm.LockOutRealm.filterLockedAccounts An attempt was made to authenticate the locked user [admin]
16-Mar-2018 09:17:36.527 WARNING [http-nio-8081-exec-11] org.apache.catalina.realm.LockOutRealm.filterLockedAccounts An attempt was made to authenticate the locked user [apache]
16-Mar-2018 09:17:37.773 WARNING [http-nio-8081-exec-13] org.apache.catalina.realm.LockOutRealm.filterLockedAccounts An attempt was made to authenticate the locked user [apache]
16-Mar-2018 09:17:38.258 WARNING [http-nio-8081-exec-16] org.apache.catalina.realm.LockOutRealm.filterLockedAccounts An attempt was made to authenticate the locked user [apache]
16-Mar-2018 09:17:38.743 WARNING [http-nio-8081-exec-18] org.apache.catalina.realm.LockOutRealm.filterLockedAccounts An attempt was made to authenticate the locked user [apache]
16-Mar-2018 09:17:39.220 WARNING [http-nio-8081-exec-19] org.apache.catalina.realm.LockOutRealm.filterLockedAccounts An attempt was made to authenticate the locked user [apache]
16-Mar-2018 09:17:41.671 WARNING [http-nio-8081-exec-20] org.apache.catalina.realm.LockOutRealm.filterLockedAccounts An attempt was made to authenticate the locked user [tomcat]
16-Mar-2018 09:17:42.149 WARNING [http-nio-8081-exec-11] org.apache.catalina.realm.LockOutRealm.filterLockedAccounts An attempt was made to authenticate the locked user [tomcat]
16-Mar-2018 09:17:42.655 WARNING [http-nio-8081-exec-13] org.apache.catalina.realm.LockOutRealm.filterLockedAccounts An attempt was made to authenticate the locked user [tomcat]
16-Mar-2018 09:17:43.133 WARNING [http-nio-8081-exec-16] org.apache.catalina.realm.LockOutRealm.filterLockedAccounts An attempt was made to authenticate the locked user [tomcat]
16-Mar-2018 09:17:43.642 WARNING [http-nio-8081-exec-17] org.apache.catalina.realm.LockOutRealm.filterLockedAccounts An attempt was made to authenticate the locked user [tomcat]
16-Mar-2018 09:17:46.082 WARNING [http-nio-8081-exec-18] org.apache.catalina.realm.LockOutRealm.filterLockedAccounts An attempt was made to authenticate the locked user [manager]
16-Mar-2018 09:17:46.595 WARNING [http-nio-8081-exec-20] org.apache.catalina.realm.LockOutRealm.filterLockedAccounts An attempt was made to authenticate the locked user [manager]
16-Mar-2018 09:17:47.107 WARNING [http-nio-8081-exec-14] org.apache.catalina.realm.LockOutRealm.filterLockedAccounts An attempt was made to authenticate the locked user [manager]
16-Mar-2018 09:17:47.637 WARNING [http-nio-8081-exec-12] org.apache.catalina.realm.LockOutRealm.filterLockedAccounts An attempt was made to authenticate the locked user [manager]
16-Mar-2018 09:17:48.126 WARNING [http-nio-8081-exec-15] org.apache.catalina.realm.LockOutRealm.filterLockedAccounts An attempt was made to authenticate the locked user [manager]
16-Mar-2018 09:17:51.473 WARNING [http-nio-8081-exec-13] org.apache.catalina.realm.LockOutRealm.filterLockedAccounts An attempt was made to authenticate the locked user [Apache]
16-Mar-2018 09:17:51.955 WARNING [http-nio-8081-exec-16] org.apache.catalina.realm.LockOutRealm.filterLockedAccounts An attempt was made to authenticate the locked user [Apache]
16-Mar-2018 09:17:52.420 WARNING [http-nio-8081-exec-18] org.apache.catalina.realm.LockOutRealm.filterLockedAccounts An attempt was made to authenticate the locked user [Apache]
16-Mar-2018 09:17:52.905 WARNING [http-nio-8081-exec-19] org.apache.catalina.realm.LockOutRealm.filterLockedAccounts An attempt was made to authenticate the locked user [Apache]
16-Mar-2018 09:17:53.383 WARNING [http-nio-8081-exec-11] org.apache.catalina.realm.LockOutRealm.filterLockedAccounts An attempt was made to authenticate the locked user [Apache]
16-Mar-2018 09:17:55.872 WARNING [http-nio-8081-exec-11] org.apache.catalina.realm.LockOutRealm.filterLockedAccounts An attempt was made to authenticate the locked user [tomcatcat]
16-Mar-2018 09:17:56.411 WARNING [http-nio-8081-exec-13] org.apache.catalina.realm.LockOutRealm.filterLockedAccounts An attempt was made to authenticate the locked user [tomcatcat]
16-Mar-2018 09:17:56.898 WARNING [http-nio-8081-exec-16] org.apache.catalina.realm.LockOutRealm.filterLockedAccounts An attempt was made to authenticate the locked user [tomcatcat]
16-Mar-2018 09:17:57.382 WARNING [http-nio-8081-exec-18] org.apache.catalina.realm.LockOutRealm.filterLockedAccounts An attempt was made to authenticate the locked user [tomcatcat]
16-Mar-2018 09:17:57.873 WARNING [http-nio-8081-exec-14] org.apache.catalina.realm.LockOutRealm.filterLockedAccounts An attempt was made to authenticate the locked user [tomcatcat]
16-Mar-2018 09:18:00.335 WARNING [http-nio-8081-exec-14] org.apache.catalina.realm.LockOutRealm.filterLockedAccounts An attempt was made to authenticate the locked user [administrator]
16-Mar-2018 09:18:00.836 WARNING [http-nio-8081-exec-12] org.apache.catalina.realm.LockOutRealm.filterLockedAccounts An attempt was made to authenticate the locked user [administrator]
16-Mar-2018 09:18:02.295 WARNING [http-nio-8081-exec-15] org.apache.catalina.realm.LockOutRealm.filterLockedAccounts An attempt was made to authenticate the locked user [administrator]
16-Mar-2018 09:18:02.776 WARNING [http-nio-8081-exec-17] org.apache.catalina.realm.LockOutRealm.filterLockedAccounts An attempt was made to authenticate the locked user [administrator]
16-Mar-2018 09:18:03.283 WARNING [http-nio-8081-exec-20] org.apache.catalina.realm.LockOutRealm.filterLockedAccounts An attempt was made to authenticate the locked user [administrator]
