05-Mar-2018 01:41:18.076 INFO [main] org.apache.catalina.startup.VersionLoggerListener.log Server version:        Apache Tomcat/8.5.28
05-Mar-2018 01:41:18.087 INFO [main] org.apache.catalina.startup.VersionLoggerListener.log Server built:          Feb 6 2018 23:10:25 UTC
05-Mar-2018 01:41:18.087 INFO [main] org.apache.catalina.startup.VersionLoggerListener.log Server number:         8.5.28.0
05-Mar-2018 01:41:18.087 INFO [main] org.apache.catalina.startup.VersionLoggerListener.log OS Name:               Linux
05-Mar-2018 01:41:18.087 INFO [main] org.apache.catalina.startup.VersionLoggerListener.log OS Version:            4.9.81-35.56.amzn1.x86_64
05-Mar-2018 01:41:18.087 INFO [main] org.apache.catalina.startup.VersionLoggerListener.log Architecture:          amd64
05-Mar-2018 01:41:18.087 INFO [main] org.apache.catalina.startup.VersionLoggerListener.log Java Home:             /usr/lib/jvm/java-1.7.0-openjdk-1.7.0.161.x86_64/jre
05-Mar-2018 01:41:18.087 INFO [main] org.apache.catalina.startup.VersionLoggerListener.log JVM Version:           1.7.0_161-mockbuild_2017_12_19_23_46-b00
05-Mar-2018 01:41:18.087 INFO [main] org.apache.catalina.startup.VersionLoggerListener.log JVM Vendor:            Oracle Corporation
05-Mar-2018 01:41:18.087 INFO [main] org.apache.catalina.startup.VersionLoggerListener.log CATALINA_BASE:         /home/ec2-user/apache-tomcat-8.5.28-prod-server
05-Mar-2018 01:41:18.087 INFO [main] org.apache.catalina.startup.VersionLoggerListener.log CATALINA_HOME:         /home/ec2-user/apache-tomcat-8.5.28-prod-server
05-Mar-2018 01:41:18.088 INFO [main] org.apache.catalina.startup.VersionLoggerListener.log Command line argument: -Djava.util.logging.config.file=/home/ec2-user/apache-tomcat-8.5.28-prod-server/conf/logging.properties
05-Mar-2018 01:41:18.088 INFO [main] org.apache.catalina.startup.VersionLoggerListener.log Command line argument: -Djava.util.logging.manager=org.apache.juli.ClassLoaderLogManager
05-Mar-2018 01:41:18.088 INFO [main] org.apache.catalina.startup.VersionLoggerListener.log Command line argument: -Djdk.tls.ephemeralDHKeySize=2048
05-Mar-2018 01:41:18.088 INFO [main] org.apache.catalina.startup.VersionLoggerListener.log Command line argument: -Djava.protocol.handler.pkgs=org.apache.catalina.webresources
05-Mar-2018 01:41:18.088 INFO [main] org.apache.catalina.startup.VersionLoggerListener.log Command line argument: -Dignore.endorsed.dirs=
05-Mar-2018 01:41:18.088 INFO [main] org.apache.catalina.startup.VersionLoggerListener.log Command line argument: -Dcatalina.base=/home/ec2-user/apache-tomcat-8.5.28-prod-server
05-Mar-2018 01:41:18.088 INFO [main] org.apache.catalina.startup.VersionLoggerListener.log Command line argument: -Dcatalina.home=/home/ec2-user/apache-tomcat-8.5.28-prod-server
05-Mar-2018 01:41:18.088 INFO [main] org.apache.catalina.startup.VersionLoggerListener.log Command line argument: -Djava.io.tmpdir=/home/ec2-user/apache-tomcat-8.5.28-prod-server/temp
05-Mar-2018 01:41:18.088 INFO [main] org.apache.catalina.core.AprLifecycleListener.lifecycleEvent The APR based Apache Tomcat Native library which allows optimal performance in production environments was not found on the java.library.path: [/usr/java/packages/lib/amd64:/usr/lib64:/lib64:/lib:/usr/lib]
05-Mar-2018 01:41:18.225 INFO [main] org.apache.coyote.AbstractProtocol.init Initializing ProtocolHandler ["http-nio-8081"]
05-Mar-2018 01:41:18.264 INFO [main] org.apache.tomcat.util.net.NioSelectorPool.getSharedSelector Using a shared selector for servlet write/read
05-Mar-2018 01:41:18.295 INFO [main] org.apache.coyote.AbstractProtocol.init Initializing ProtocolHandler ["ajp-nio-8010"]
05-Mar-2018 01:41:18.297 INFO [main] org.apache.tomcat.util.net.NioSelectorPool.getSharedSelector Using a shared selector for servlet write/read
05-Mar-2018 01:41:18.297 INFO [main] org.apache.catalina.startup.Catalina.load Initialization processed in 1214 ms
05-Mar-2018 01:41:18.366 INFO [main] org.apache.catalina.core.StandardService.startInternal Starting service [Catalina]
05-Mar-2018 01:41:18.375 INFO [main] org.apache.catalina.core.StandardEngine.startInternal Starting Servlet Engine: Apache Tomcat/8.5.28
05-Mar-2018 01:41:18.404 INFO [localhost-startStop-1] org.apache.catalina.startup.HostConfig.deployWAR Deploying web application archive [/home/ec2-user/apache-tomcat-8.5.28-prod-server/webapps/webapp.war]
05-Mar-2018 01:41:19.316 INFO [localhost-startStop-1] org.apache.catalina.startup.HostConfig.deployWAR Deployment of web application archive [/home/ec2-user/apache-tomcat-8.5.28-prod-server/webapps/webapp.war] has finished in [912] ms
05-Mar-2018 01:41:19.318 INFO [localhost-startStop-1] org.apache.catalina.startup.HostConfig.deployDirectory Deploying web application directory [/home/ec2-user/apache-tomcat-8.5.28-prod-server/webapps/examples]
05-Mar-2018 01:41:20.130 INFO [localhost-startStop-1] org.apache.catalina.startup.HostConfig.deployDirectory Deployment of web application directory [/home/ec2-user/apache-tomcat-8.5.28-prod-server/webapps/examples] has finished in [812] ms
05-Mar-2018 01:41:20.139 INFO [localhost-startStop-1] org.apache.catalina.startup.HostConfig.deployDirectory Deploying web application directory [/home/ec2-user/apache-tomcat-8.5.28-prod-server/webapps/docs]
05-Mar-2018 01:41:20.178 INFO [localhost-startStop-1] org.apache.catalina.startup.HostConfig.deployDirectory Deployment of web application directory [/home/ec2-user/apache-tomcat-8.5.28-prod-server/webapps/docs] has finished in [39] ms
05-Mar-2018 01:41:20.178 INFO [localhost-startStop-1] org.apache.catalina.startup.HostConfig.deployDirectory Deploying web application directory [/home/ec2-user/apache-tomcat-8.5.28-prod-server/webapps/host-manager]
05-Mar-2018 01:41:20.234 INFO [localhost-startStop-1] org.apache.catalina.startup.HostConfig.deployDirectory Deployment of web application directory [/home/ec2-user/apache-tomcat-8.5.28-prod-server/webapps/host-manager] has finished in [55] ms
05-Mar-2018 01:41:20.234 INFO [localhost-startStop-1] org.apache.catalina.startup.HostConfig.deployDirectory Deploying web application directory [/home/ec2-user/apache-tomcat-8.5.28-prod-server/webapps/ROOT]
05-Mar-2018 01:41:20.280 INFO [localhost-startStop-1] org.apache.catalina.startup.HostConfig.deployDirectory Deployment of web application directory [/home/ec2-user/apache-tomcat-8.5.28-prod-server/webapps/ROOT] has finished in [46] ms
05-Mar-2018 01:41:20.280 INFO [localhost-startStop-1] org.apache.catalina.startup.HostConfig.deployDirectory Deploying web application directory [/home/ec2-user/apache-tomcat-8.5.28-prod-server/webapps/manager]
05-Mar-2018 01:41:20.339 INFO [localhost-startStop-1] org.apache.catalina.startup.HostConfig.deployDirectory Deployment of web application directory [/home/ec2-user/apache-tomcat-8.5.28-prod-server/webapps/manager] has finished in [58] ms
05-Mar-2018 01:41:20.350 INFO [main] org.apache.coyote.AbstractProtocol.start Starting ProtocolHandler ["http-nio-8081"]
05-Mar-2018 01:41:20.384 INFO [main] org.apache.coyote.AbstractProtocol.start Starting ProtocolHandler ["ajp-nio-8010"]
05-Mar-2018 01:41:20.387 INFO [main] org.apache.catalina.startup.Catalina.start Server startup in 2089 ms
05-Mar-2018 02:53:32.276 SEVERE [ajp-nio-8010-exec-1] org.apache.coyote.ajp.AjpMessage.processHeader Invalid message received with signature [18245]
05-Mar-2018 06:51:48.636 INFO [http-nio-8081-exec-9] org.apache.coyote.http11.Http11Processor.service Error parsing HTTP request header
 Note: further occurrences of HTTP header parsing errors will be logged at DEBUG level.
 java.lang.IllegalArgumentException: Invalid character found in method name. HTTP method names must be tokens
	at org.apache.coyote.http11.Http11InputBuffer.parseRequestLine(Http11InputBuffer.java:426)
	at org.apache.coyote.http11.Http11Processor.service(Http11Processor.java:687)
	at org.apache.coyote.AbstractProcessorLight.process(AbstractProcessorLight.java:66)
	at org.apache.coyote.AbstractProtocol$ConnectionHandler.process(AbstractProtocol.java:790)
	at org.apache.tomcat.util.net.NioEndpoint$SocketProcessor.doRun(NioEndpoint.java:1459)
	at org.apache.tomcat.util.net.SocketProcessorBase.run(SocketProcessorBase.java:49)
	at java.util.concurrent.ThreadPoolExecutor.runWorker(ThreadPoolExecutor.java:1152)
	at java.util.concurrent.ThreadPoolExecutor$Worker.run(ThreadPoolExecutor.java:622)
	at org.apache.tomcat.util.threads.TaskThread$WrappingRunnable.run(TaskThread.java:61)
	at java.lang.Thread.run(Thread.java:748)

