09-Mar-2018 16:35:40.742 INFO [http-nio-8090-exec-5] org.apache.coyote.http11.Http11Processor.service Error parsing HTTP request header
 Note: further occurrences of HTTP header parsing errors will be logged at DEBUG level.
 java.lang.IllegalArgumentException: Invalid character found in method name. HTTP method names must be tokens
	at org.apache.coyote.http11.Http11InputBuffer.parseRequestLine(Http11InputBuffer.java:426)
	at org.apache.coyote.http11.Http11Processor.service(Http11Processor.java:687)
	at org.apache.coyote.AbstractProcessorLight.process(AbstractProcessorLight.java:66)
	at org.apache.coyote.AbstractProtocol$ConnectionHandler.process(AbstractProtocol.java:790)
	at org.apache.tomcat.util.net.NioEndpoint$SocketProcessor.doRun(NioEndpoint.java:1459)
	at org.apache.tomcat.util.net.SocketProcessorBase.run(SocketProcessorBase.java:49)
	at java.util.concurrent.ThreadPoolExecutor.runWorker(ThreadPoolExecutor.java:1152)
	at java.util.concurrent.ThreadPoolExecutor$Worker.run(ThreadPoolExecutor.java:622)
	at org.apache.tomcat.util.threads.TaskThread$WrappingRunnable.run(TaskThread.java:61)
	at java.lang.Thread.run(Thread.java:748)

09-Mar-2018 21:49:27.721 INFO [http-nio-8090-exec-1] org.apache.catalina.startup.HostConfig.undeploy Undeploying context [/webapp]
09-Mar-2018 21:49:27.744 INFO [http-nio-8090-exec-1] org.apache.catalina.startup.HostConfig.deployWAR Deploying web application archive [/home/ec2-user/apache-tomcat-8.5.28-staging-server/webapps/webapp.war]
09-Mar-2018 21:49:27.779 INFO [http-nio-8090-exec-1] org.apache.catalina.startup.HostConfig.deployWAR Deployment of web application archive [/home/ec2-user/apache-tomcat-8.5.28-staging-server/webapps/webapp.war] has finished in [35] ms
09-Mar-2018 22:20:22.299 INFO [http-nio-8090-exec-13] org.apache.catalina.startup.HostConfig.undeploy Undeploying context [/webapp]
09-Mar-2018 22:20:22.312 INFO [http-nio-8090-exec-13] org.apache.catalina.startup.HostConfig.deployWAR Deploying web application archive [/home/ec2-user/apache-tomcat-8.5.28-staging-server/webapps/webapp.war]
09-Mar-2018 22:20:22.346 INFO [http-nio-8090-exec-13] org.apache.catalina.startup.HostConfig.deployWAR Deployment of web application archive [/home/ec2-user/apache-tomcat-8.5.28-staging-server/webapps/webapp.war] has finished in [34] ms
09-Mar-2018 22:20:52.280 INFO [http-nio-8090-exec-12] org.apache.catalina.startup.HostConfig.undeploy Undeploying context [/webapp]
09-Mar-2018 22:20:52.285 INFO [http-nio-8090-exec-12] org.apache.catalina.startup.HostConfig.deployWAR Deploying web application archive [/home/ec2-user/apache-tomcat-8.5.28-staging-server/webapps/webapp.war]
09-Mar-2018 22:20:52.317 INFO [http-nio-8090-exec-12] org.apache.catalina.startup.HostConfig.deployWAR Deployment of web application archive [/home/ec2-user/apache-tomcat-8.5.28-staging-server/webapps/webapp.war] has finished in [32] ms
09-Mar-2018 22:22:37.293 INFO [http-nio-8090-exec-22] org.apache.catalina.startup.HostConfig.undeploy Undeploying context [/webapp]
09-Mar-2018 22:22:37.302 INFO [http-nio-8090-exec-22] org.apache.catalina.startup.HostConfig.deployWAR Deploying web application archive [/home/ec2-user/apache-tomcat-8.5.28-staging-server/webapps/webapp.war]
09-Mar-2018 22:22:37.334 INFO [http-nio-8090-exec-22] org.apache.catalina.startup.HostConfig.deployWAR Deployment of web application archive [/home/ec2-user/apache-tomcat-8.5.28-staging-server/webapps/webapp.war] has finished in [32] ms
09-Mar-2018 22:41:22.302 INFO [http-nio-8090-exec-29] org.apache.catalina.startup.HostConfig.undeploy Undeploying context [/webapp]
09-Mar-2018 22:41:22.309 INFO [http-nio-8090-exec-29] org.apache.catalina.startup.HostConfig.deployWAR Deploying web application archive [/home/ec2-user/apache-tomcat-8.5.28-staging-server/webapps/webapp.war]
09-Mar-2018 22:41:22.341 INFO [http-nio-8090-exec-29] org.apache.catalina.startup.HostConfig.deployWAR Deployment of web application archive [/home/ec2-user/apache-tomcat-8.5.28-staging-server/webapps/webapp.war] has finished in [32] ms
09-Mar-2018 22:49:22.322 INFO [http-nio-8090-exec-37] org.apache.catalina.startup.HostConfig.undeploy Undeploying context [/webapp]
09-Mar-2018 22:49:22.327 INFO [http-nio-8090-exec-37] org.apache.catalina.startup.HostConfig.deployWAR Deploying web application archive [/home/ec2-user/apache-tomcat-8.5.28-staging-server/webapps/webapp.war]
09-Mar-2018 22:49:22.345 INFO [http-nio-8090-exec-37] org.apache.catalina.startup.HostConfig.deployWAR Deployment of web application archive [/home/ec2-user/apache-tomcat-8.5.28-staging-server/webapps/webapp.war] has finished in [18] ms
09-Mar-2018 22:50:32.424 INFO [http-nio-8090-exec-42] org.apache.catalina.startup.HostConfig.undeploy Undeploying context [/webapp]
09-Mar-2018 22:50:32.435 INFO [http-nio-8090-exec-42] org.apache.catalina.startup.HostConfig.deployWAR Deploying web application archive [/home/ec2-user/apache-tomcat-8.5.28-staging-server/webapps/webapp.war]
09-Mar-2018 22:50:32.476 INFO [http-nio-8090-exec-42] org.apache.catalina.startup.HostConfig.deployWAR Deployment of web application archive [/home/ec2-user/apache-tomcat-8.5.28-staging-server/webapps/webapp.war] has finished in [41] ms
09-Mar-2018 22:52:37.345 INFO [http-nio-8090-exec-39] org.apache.catalina.startup.HostConfig.undeploy Undeploying context [/webapp]
09-Mar-2018 22:52:37.351 INFO [http-nio-8090-exec-39] org.apache.catalina.startup.HostConfig.deployWAR Deploying web application archive [/home/ec2-user/apache-tomcat-8.5.28-staging-server/webapps/webapp.war]
09-Mar-2018 22:52:37.367 INFO [http-nio-8090-exec-39] org.apache.catalina.startup.HostConfig.deployWAR Deployment of web application archive [/home/ec2-user/apache-tomcat-8.5.28-staging-server/webapps/webapp.war] has finished in [16] ms
