27-Feb-2018 01:06:15.196 INFO [main] org.apache.catalina.startup.VersionLoggerListener.log Server version:        Apache Tomcat/8.5.28
27-Feb-2018 01:06:15.202 INFO [main] org.apache.catalina.startup.VersionLoggerListener.log Server built:          Feb 6 2018 23:10:25 UTC
27-Feb-2018 01:06:15.203 INFO [main] org.apache.catalina.startup.VersionLoggerListener.log Server number:         8.5.28.0
27-Feb-2018 01:06:15.203 INFO [main] org.apache.catalina.startup.VersionLoggerListener.log OS Name:               Linux
27-Feb-2018 01:06:15.203 INFO [main] org.apache.catalina.startup.VersionLoggerListener.log OS Version:            4.9.76-3.78.amzn1.x86_64
27-Feb-2018 01:06:15.203 INFO [main] org.apache.catalina.startup.VersionLoggerListener.log Architecture:          amd64
27-Feb-2018 01:06:15.203 INFO [main] org.apache.catalina.startup.VersionLoggerListener.log Java Home:             /usr/lib/jvm/java-1.7.0-openjdk-1.7.0.161.x86_64/jre
27-Feb-2018 01:06:15.204 INFO [main] org.apache.catalina.startup.VersionLoggerListener.log JVM Version:           1.7.0_161-mockbuild_2017_12_19_23_46-b00
27-Feb-2018 01:06:15.204 INFO [main] org.apache.catalina.startup.VersionLoggerListener.log JVM Vendor:            Oracle Corporation
27-Feb-2018 01:06:15.204 INFO [main] org.apache.catalina.startup.VersionLoggerListener.log CATALINA_BASE:         /home/ec2-user/apache-tomcat-8.5.28
27-Feb-2018 01:06:15.204 INFO [main] org.apache.catalina.startup.VersionLoggerListener.log CATALINA_HOME:         /home/ec2-user/apache-tomcat-8.5.28
27-Feb-2018 01:06:15.205 INFO [main] org.apache.catalina.startup.VersionLoggerListener.log Command line argument: -Djava.util.logging.config.file=/home/ec2-user/apache-tomcat-8.5.28/conf/logging.properties
27-Feb-2018 01:06:15.205 INFO [main] org.apache.catalina.startup.VersionLoggerListener.log Command line argument: -Djava.util.logging.manager=org.apache.juli.ClassLoaderLogManager
27-Feb-2018 01:06:15.205 INFO [main] org.apache.catalina.startup.VersionLoggerListener.log Command line argument: -Djdk.tls.ephemeralDHKeySize=2048
27-Feb-2018 01:06:15.209 INFO [main] org.apache.catalina.startup.VersionLoggerListener.log Command line argument: -Djava.protocol.handler.pkgs=org.apache.catalina.webresources
27-Feb-2018 01:06:15.209 INFO [main] org.apache.catalina.startup.VersionLoggerListener.log Command line argument: -Dignore.endorsed.dirs=
27-Feb-2018 01:06:15.210 INFO [main] org.apache.catalina.startup.VersionLoggerListener.log Command line argument: -Dcatalina.base=/home/ec2-user/apache-tomcat-8.5.28
27-Feb-2018 01:06:15.210 INFO [main] org.apache.catalina.startup.VersionLoggerListener.log Command line argument: -Dcatalina.home=/home/ec2-user/apache-tomcat-8.5.28
27-Feb-2018 01:06:15.210 INFO [main] org.apache.catalina.startup.VersionLoggerListener.log Command line argument: -Djava.io.tmpdir=/home/ec2-user/apache-tomcat-8.5.28/temp
27-Feb-2018 01:06:15.210 INFO [main] org.apache.catalina.core.AprLifecycleListener.lifecycleEvent The APR based Apache Tomcat Native library which allows optimal performance in production environments was not found on the java.library.path: [/usr/java/packages/lib/amd64:/usr/lib64:/lib64:/lib:/usr/lib]
27-Feb-2018 01:06:15.421 INFO [main] org.apache.coyote.AbstractProtocol.init Initializing ProtocolHandler ["http-nio-8090"]
27-Feb-2018 01:06:15.460 INFO [main] org.apache.tomcat.util.net.NioSelectorPool.getSharedSelector Using a shared selector for servlet write/read
27-Feb-2018 01:06:15.470 INFO [main] org.apache.coyote.AbstractProtocol.init Initializing ProtocolHandler ["ajp-nio-8009"]
27-Feb-2018 01:06:15.479 INFO [main] org.apache.tomcat.util.net.NioSelectorPool.getSharedSelector Using a shared selector for servlet write/read
27-Feb-2018 01:06:15.480 INFO [main] org.apache.catalina.startup.Catalina.load Initialization processed in 1264 ms
27-Feb-2018 01:06:15.546 INFO [main] org.apache.catalina.core.StandardService.startInternal Starting service [Catalina]
27-Feb-2018 01:06:15.548 INFO [main] org.apache.catalina.core.StandardEngine.startInternal Starting Servlet Engine: Apache Tomcat/8.5.28
27-Feb-2018 01:06:15.560 INFO [localhost-startStop-1] org.apache.catalina.startup.HostConfig.deployDirectory Deploying web application directory [/home/ec2-user/apache-tomcat-8.5.28/webapps/examples]
27-Feb-2018 01:06:17.283 INFO [localhost-startStop-1] org.apache.catalina.startup.HostConfig.deployDirectory Deployment of web application directory [/home/ec2-user/apache-tomcat-8.5.28/webapps/examples] has finished in [1,719] ms
27-Feb-2018 01:06:17.284 INFO [localhost-startStop-1] org.apache.catalina.startup.HostConfig.deployDirectory Deploying web application directory [/home/ec2-user/apache-tomcat-8.5.28/webapps/docs]
27-Feb-2018 01:06:17.317 INFO [localhost-startStop-1] org.apache.catalina.startup.HostConfig.deployDirectory Deployment of web application directory [/home/ec2-user/apache-tomcat-8.5.28/webapps/docs] has finished in [33] ms
27-Feb-2018 01:06:17.322 INFO [localhost-startStop-1] org.apache.catalina.startup.HostConfig.deployDirectory Deploying web application directory [/home/ec2-user/apache-tomcat-8.5.28/webapps/host-manager]
27-Feb-2018 01:06:17.380 INFO [localhost-startStop-1] org.apache.catalina.startup.HostConfig.deployDirectory Deployment of web application directory [/home/ec2-user/apache-tomcat-8.5.28/webapps/host-manager] has finished in [58] ms
27-Feb-2018 01:06:17.381 INFO [localhost-startStop-1] org.apache.catalina.startup.HostConfig.deployDirectory Deploying web application directory [/home/ec2-user/apache-tomcat-8.5.28/webapps/ROOT]
27-Feb-2018 01:06:17.410 INFO [localhost-startStop-1] org.apache.catalina.startup.HostConfig.deployDirectory Deployment of web application directory [/home/ec2-user/apache-tomcat-8.5.28/webapps/ROOT] has finished in [29] ms
27-Feb-2018 01:06:17.414 INFO [localhost-startStop-1] org.apache.catalina.startup.HostConfig.deployDirectory Deploying web application directory [/home/ec2-user/apache-tomcat-8.5.28/webapps/manager]
27-Feb-2018 01:06:17.465 INFO [localhost-startStop-1] org.apache.catalina.startup.HostConfig.deployDirectory Deployment of web application directory [/home/ec2-user/apache-tomcat-8.5.28/webapps/manager] has finished in [51] ms
27-Feb-2018 01:06:17.475 INFO [main] org.apache.coyote.AbstractProtocol.start Starting ProtocolHandler ["http-nio-8090"]
27-Feb-2018 01:06:17.524 INFO [main] org.apache.coyote.AbstractProtocol.start Starting ProtocolHandler ["ajp-nio-8009"]
27-Feb-2018 01:06:17.553 INFO [main] org.apache.catalina.startup.Catalina.start Server startup in 2072 ms
27-Feb-2018 01:14:27.096 INFO [main] org.apache.catalina.core.StandardServer.await A valid shutdown command was received via the shutdown port. Stopping the Server instance.
27-Feb-2018 01:14:27.097 INFO [main] org.apache.coyote.AbstractProtocol.pause Pausing ProtocolHandler ["http-nio-8090"]
27-Feb-2018 01:14:27.099 INFO [main] org.apache.coyote.AbstractProtocol.pause Pausing ProtocolHandler ["ajp-nio-8009"]
27-Feb-2018 01:14:27.100 INFO [main] org.apache.catalina.core.StandardService.stopInternal Stopping service [Catalina]
27-Feb-2018 01:14:27.152 INFO [main] org.apache.coyote.AbstractProtocol.stop Stopping ProtocolHandler ["http-nio-8090"]
27-Feb-2018 01:14:27.153 INFO [main] org.apache.coyote.AbstractProtocol.stop Stopping ProtocolHandler ["ajp-nio-8009"]
27-Feb-2018 01:14:27.154 INFO [main] org.apache.coyote.AbstractProtocol.destroy Destroying ProtocolHandler ["http-nio-8090"]
27-Feb-2018 01:14:27.155 INFO [main] org.apache.coyote.AbstractProtocol.destroy Destroying ProtocolHandler ["ajp-nio-8009"]
27-Feb-2018 01:14:41.401 INFO [main] org.apache.catalina.startup.VersionLoggerListener.log Server version:        Apache Tomcat/8.5.28
27-Feb-2018 01:14:41.406 INFO [main] org.apache.catalina.startup.VersionLoggerListener.log Server built:          Feb 6 2018 23:10:25 UTC
27-Feb-2018 01:14:41.406 INFO [main] org.apache.catalina.startup.VersionLoggerListener.log Server number:         8.5.28.0
27-Feb-2018 01:14:41.406 INFO [main] org.apache.catalina.startup.VersionLoggerListener.log OS Name:               Linux
27-Feb-2018 01:14:41.408 INFO [main] org.apache.catalina.startup.VersionLoggerListener.log OS Version:            4.9.76-3.78.amzn1.x86_64
27-Feb-2018 01:14:41.408 INFO [main] org.apache.catalina.startup.VersionLoggerListener.log Architecture:          amd64
27-Feb-2018 01:14:41.409 INFO [main] org.apache.catalina.startup.VersionLoggerListener.log Java Home:             /usr/lib/jvm/java-1.7.0-openjdk-1.7.0.161.x86_64/jre
27-Feb-2018 01:14:41.409 INFO [main] org.apache.catalina.startup.VersionLoggerListener.log JVM Version:           1.7.0_161-mockbuild_2017_12_19_23_46-b00
27-Feb-2018 01:14:41.409 INFO [main] org.apache.catalina.startup.VersionLoggerListener.log JVM Vendor:            Oracle Corporation
27-Feb-2018 01:14:41.412 INFO [main] org.apache.catalina.startup.VersionLoggerListener.log CATALINA_BASE:         /home/ec2-user/apache-tomcat-8.5.28
27-Feb-2018 01:14:41.412 INFO [main] org.apache.catalina.startup.VersionLoggerListener.log CATALINA_HOME:         /home/ec2-user/apache-tomcat-8.5.28
27-Feb-2018 01:14:41.413 INFO [main] org.apache.catalina.startup.VersionLoggerListener.log Command line argument: -Djava.util.logging.config.file=/home/ec2-user/apache-tomcat-8.5.28/conf/logging.properties
27-Feb-2018 01:14:41.413 INFO [main] org.apache.catalina.startup.VersionLoggerListener.log Command line argument: -Djava.util.logging.manager=org.apache.juli.ClassLoaderLogManager
27-Feb-2018 01:14:41.413 INFO [main] org.apache.catalina.startup.VersionLoggerListener.log Command line argument: -Djdk.tls.ephemeralDHKeySize=2048
27-Feb-2018 01:14:41.420 INFO [main] org.apache.catalina.startup.VersionLoggerListener.log Command line argument: -Djava.protocol.handler.pkgs=org.apache.catalina.webresources
27-Feb-2018 01:14:41.420 INFO [main] org.apache.catalina.startup.VersionLoggerListener.log Command line argument: -Dignore.endorsed.dirs=
27-Feb-2018 01:14:41.420 INFO [main] org.apache.catalina.startup.VersionLoggerListener.log Command line argument: -Dcatalina.base=/home/ec2-user/apache-tomcat-8.5.28
27-Feb-2018 01:14:41.420 INFO [main] org.apache.catalina.startup.VersionLoggerListener.log Command line argument: -Dcatalina.home=/home/ec2-user/apache-tomcat-8.5.28
27-Feb-2018 01:14:41.420 INFO [main] org.apache.catalina.startup.VersionLoggerListener.log Command line argument: -Djava.io.tmpdir=/home/ec2-user/apache-tomcat-8.5.28/temp
27-Feb-2018 01:14:41.420 INFO [main] org.apache.catalina.core.AprLifecycleListener.lifecycleEvent The APR based Apache Tomcat Native library which allows optimal performance in production environments was not found on the java.library.path: [/usr/java/packages/lib/amd64:/usr/lib64:/lib64:/lib:/usr/lib]
27-Feb-2018 01:14:41.563 INFO [main] org.apache.coyote.AbstractProtocol.init Initializing ProtocolHandler ["http-nio-8090"]
27-Feb-2018 01:14:41.595 INFO [main] org.apache.tomcat.util.net.NioSelectorPool.getSharedSelector Using a shared selector for servlet write/read
27-Feb-2018 01:14:41.616 INFO [main] org.apache.coyote.AbstractProtocol.init Initializing ProtocolHandler ["ajp-nio-8009"]
27-Feb-2018 01:14:41.618 INFO [main] org.apache.tomcat.util.net.NioSelectorPool.getSharedSelector Using a shared selector for servlet write/read
27-Feb-2018 01:14:41.624 INFO [main] org.apache.catalina.startup.Catalina.load Initialization processed in 1133 ms
27-Feb-2018 01:14:41.708 INFO [main] org.apache.catalina.core.StandardService.startInternal Starting service [Catalina]
27-Feb-2018 01:14:41.709 INFO [main] org.apache.catalina.core.StandardEngine.startInternal Starting Servlet Engine: Apache Tomcat/8.5.28
27-Feb-2018 01:14:41.731 INFO [localhost-startStop-1] org.apache.catalina.startup.HostConfig.deployDirectory Deploying web application directory [/home/ec2-user/apache-tomcat-8.5.28/webapps/examples]
27-Feb-2018 01:14:43.311 INFO [localhost-startStop-1] org.apache.catalina.startup.HostConfig.deployDirectory Deployment of web application directory [/home/ec2-user/apache-tomcat-8.5.28/webapps/examples] has finished in [1,579] ms
27-Feb-2018 01:14:43.311 INFO [localhost-startStop-1] org.apache.catalina.startup.HostConfig.deployDirectory Deploying web application directory [/home/ec2-user/apache-tomcat-8.5.28/webapps/docs]
27-Feb-2018 01:14:43.328 INFO [localhost-startStop-1] org.apache.catalina.startup.HostConfig.deployDirectory Deployment of web application directory [/home/ec2-user/apache-tomcat-8.5.28/webapps/docs] has finished in [17] ms
27-Feb-2018 01:14:43.332 INFO [localhost-startStop-1] org.apache.catalina.startup.HostConfig.deployDirectory Deploying web application directory [/home/ec2-user/apache-tomcat-8.5.28/webapps/host-manager]
27-Feb-2018 01:14:43.370 INFO [localhost-startStop-1] org.apache.catalina.startup.HostConfig.deployDirectory Deployment of web application directory [/home/ec2-user/apache-tomcat-8.5.28/webapps/host-manager] has finished in [38] ms
27-Feb-2018 01:14:43.371 INFO [localhost-startStop-1] org.apache.catalina.startup.HostConfig.deployDirectory Deploying web application directory [/home/ec2-user/apache-tomcat-8.5.28/webapps/ROOT]
27-Feb-2018 01:14:43.402 INFO [localhost-startStop-1] org.apache.catalina.startup.HostConfig.deployDirectory Deployment of web application directory [/home/ec2-user/apache-tomcat-8.5.28/webapps/ROOT] has finished in [31] ms
27-Feb-2018 01:14:43.404 INFO [localhost-startStop-1] org.apache.catalina.startup.HostConfig.deployDirectory Deploying web application directory [/home/ec2-user/apache-tomcat-8.5.28/webapps/manager]
27-Feb-2018 01:14:43.455 INFO [localhost-startStop-1] org.apache.catalina.startup.HostConfig.deployDirectory Deployment of web application directory [/home/ec2-user/apache-tomcat-8.5.28/webapps/manager] has finished in [51] ms
27-Feb-2018 01:14:43.463 INFO [main] org.apache.coyote.AbstractProtocol.start Starting ProtocolHandler ["http-nio-8090"]
27-Feb-2018 01:14:43.501 INFO [main] org.apache.coyote.AbstractProtocol.start Starting ProtocolHandler ["ajp-nio-8009"]
27-Feb-2018 01:14:43.516 INFO [main] org.apache.catalina.startup.Catalina.start Server startup in 1892 ms
27-Feb-2018 01:40:16.590 INFO [main] org.apache.catalina.core.StandardServer.await A valid shutdown command was received via the shutdown port. Stopping the Server instance.
27-Feb-2018 01:40:16.591 INFO [main] org.apache.coyote.AbstractProtocol.pause Pausing ProtocolHandler ["http-nio-8090"]
27-Feb-2018 01:40:16.594 INFO [main] org.apache.coyote.AbstractProtocol.pause Pausing ProtocolHandler ["ajp-nio-8009"]
27-Feb-2018 01:40:16.594 INFO [main] org.apache.catalina.core.StandardService.stopInternal Stopping service [Catalina]
27-Feb-2018 01:40:16.644 INFO [main] org.apache.coyote.AbstractProtocol.stop Stopping ProtocolHandler ["http-nio-8090"]
27-Feb-2018 01:40:16.645 INFO [main] org.apache.coyote.AbstractProtocol.stop Stopping ProtocolHandler ["ajp-nio-8009"]
27-Feb-2018 01:40:16.646 INFO [main] org.apache.coyote.AbstractProtocol.destroy Destroying ProtocolHandler ["http-nio-8090"]
27-Feb-2018 01:40:16.647 INFO [main] org.apache.coyote.AbstractProtocol.destroy Destroying ProtocolHandler ["ajp-nio-8009"]
27-Feb-2018 01:40:25.788 INFO [main] org.apache.catalina.startup.VersionLoggerListener.log Server version:        Apache Tomcat/8.5.28
27-Feb-2018 01:40:25.802 INFO [main] org.apache.catalina.startup.VersionLoggerListener.log Server built:          Feb 6 2018 23:10:25 UTC
27-Feb-2018 01:40:25.803 INFO [main] org.apache.catalina.startup.VersionLoggerListener.log Server number:         8.5.28.0
27-Feb-2018 01:40:25.803 INFO [main] org.apache.catalina.startup.VersionLoggerListener.log OS Name:               Linux
27-Feb-2018 01:40:25.803 INFO [main] org.apache.catalina.startup.VersionLoggerListener.log OS Version:            4.9.76-3.78.amzn1.x86_64
27-Feb-2018 01:40:25.803 INFO [main] org.apache.catalina.startup.VersionLoggerListener.log Architecture:          amd64
27-Feb-2018 01:40:25.803 INFO [main] org.apache.catalina.startup.VersionLoggerListener.log Java Home:             /usr/lib/jvm/java-1.7.0-openjdk-1.7.0.161.x86_64/jre
27-Feb-2018 01:40:25.803 INFO [main] org.apache.catalina.startup.VersionLoggerListener.log JVM Version:           1.7.0_161-mockbuild_2017_12_19_23_46-b00
27-Feb-2018 01:40:25.803 INFO [main] org.apache.catalina.startup.VersionLoggerListener.log JVM Vendor:            Oracle Corporation
27-Feb-2018 01:40:25.803 INFO [main] org.apache.catalina.startup.VersionLoggerListener.log CATALINA_BASE:         /home/ec2-user/apache-tomcat-8.5.28
27-Feb-2018 01:40:25.803 INFO [main] org.apache.catalina.startup.VersionLoggerListener.log CATALINA_HOME:         /home/ec2-user/apache-tomcat-8.5.28
27-Feb-2018 01:40:25.804 INFO [main] org.apache.catalina.startup.VersionLoggerListener.log Command line argument: -Djava.util.logging.config.file=/home/ec2-user/apache-tomcat-8.5.28/conf/logging.properties
27-Feb-2018 01:40:25.804 INFO [main] org.apache.catalina.startup.VersionLoggerListener.log Command line argument: -Djava.util.logging.manager=org.apache.juli.ClassLoaderLogManager
27-Feb-2018 01:40:25.804 INFO [main] org.apache.catalina.startup.VersionLoggerListener.log Command line argument: -Djdk.tls.ephemeralDHKeySize=2048
27-Feb-2018 01:40:25.804 INFO [main] org.apache.catalina.startup.VersionLoggerListener.log Command line argument: -Djava.protocol.handler.pkgs=org.apache.catalina.webresources
27-Feb-2018 01:40:25.805 INFO [main] org.apache.catalina.startup.VersionLoggerListener.log Command line argument: -Dignore.endorsed.dirs=
27-Feb-2018 01:40:25.805 INFO [main] org.apache.catalina.startup.VersionLoggerListener.log Command line argument: -Dcatalina.base=/home/ec2-user/apache-tomcat-8.5.28
27-Feb-2018 01:40:25.805 INFO [main] org.apache.catalina.startup.VersionLoggerListener.log Command line argument: -Dcatalina.home=/home/ec2-user/apache-tomcat-8.5.28
27-Feb-2018 01:40:25.805 INFO [main] org.apache.catalina.startup.VersionLoggerListener.log Command line argument: -Djava.io.tmpdir=/home/ec2-user/apache-tomcat-8.5.28/temp
27-Feb-2018 01:40:25.805 INFO [main] org.apache.catalina.core.AprLifecycleListener.lifecycleEvent The APR based Apache Tomcat Native library which allows optimal performance in production environments was not found on the java.library.path: [/usr/java/packages/lib/amd64:/usr/lib64:/lib64:/lib:/usr/lib]
27-Feb-2018 01:40:26.025 INFO [main] org.apache.coyote.AbstractProtocol.init Initializing ProtocolHandler ["http-nio-8090"]
27-Feb-2018 01:40:26.065 INFO [main] org.apache.tomcat.util.net.NioSelectorPool.getSharedSelector Using a shared selector for servlet write/read
27-Feb-2018 01:40:26.081 INFO [main] org.apache.coyote.AbstractProtocol.init Initializing ProtocolHandler ["ajp-nio-8009"]
27-Feb-2018 01:40:26.090 INFO [main] org.apache.tomcat.util.net.NioSelectorPool.getSharedSelector Using a shared selector for servlet write/read
27-Feb-2018 01:40:26.096 INFO [main] org.apache.catalina.startup.Catalina.load Initialization processed in 1296 ms
27-Feb-2018 01:40:26.174 INFO [main] org.apache.catalina.core.StandardService.startInternal Starting service [Catalina]
27-Feb-2018 01:40:26.176 INFO [main] org.apache.catalina.core.StandardEngine.startInternal Starting Servlet Engine: Apache Tomcat/8.5.28
27-Feb-2018 01:40:26.186 INFO [localhost-startStop-1] org.apache.catalina.startup.HostConfig.deployDirectory Deploying web application directory [/home/ec2-user/apache-tomcat-8.5.28/webapps/examples]
27-Feb-2018 01:40:27.962 INFO [localhost-startStop-1] org.apache.catalina.startup.HostConfig.deployDirectory Deployment of web application directory [/home/ec2-user/apache-tomcat-8.5.28/webapps/examples] has finished in [1,774] ms
27-Feb-2018 01:40:27.963 INFO [localhost-startStop-1] org.apache.catalina.startup.HostConfig.deployDirectory Deploying web application directory [/home/ec2-user/apache-tomcat-8.5.28/webapps/docs]
27-Feb-2018 01:40:27.983 INFO [localhost-startStop-1] org.apache.catalina.startup.HostConfig.deployDirectory Deployment of web application directory [/home/ec2-user/apache-tomcat-8.5.28/webapps/docs] has finished in [20] ms
27-Feb-2018 01:40:27.987 INFO [localhost-startStop-1] org.apache.catalina.startup.HostConfig.deployDirectory Deploying web application directory [/home/ec2-user/apache-tomcat-8.5.28/webapps/host-manager]
27-Feb-2018 01:40:28.021 INFO [localhost-startStop-1] org.apache.catalina.startup.HostConfig.deployDirectory Deployment of web application directory [/home/ec2-user/apache-tomcat-8.5.28/webapps/host-manager] has finished in [34] ms
27-Feb-2018 01:40:28.021 INFO [localhost-startStop-1] org.apache.catalina.startup.HostConfig.deployDirectory Deploying web application directory [/home/ec2-user/apache-tomcat-8.5.28/webapps/ROOT]
27-Feb-2018 01:40:28.063 INFO [localhost-startStop-1] org.apache.catalina.startup.HostConfig.deployDirectory Deployment of web application directory [/home/ec2-user/apache-tomcat-8.5.28/webapps/ROOT] has finished in [42] ms
27-Feb-2018 01:40:28.065 INFO [localhost-startStop-1] org.apache.catalina.startup.HostConfig.deployDirectory Deploying web application directory [/home/ec2-user/apache-tomcat-8.5.28/webapps/manager]
27-Feb-2018 01:40:28.118 INFO [localhost-startStop-1] org.apache.catalina.startup.HostConfig.deployDirectory Deployment of web application directory [/home/ec2-user/apache-tomcat-8.5.28/webapps/manager] has finished in [53] ms
27-Feb-2018 01:40:28.127 INFO [main] org.apache.coyote.AbstractProtocol.start Starting ProtocolHandler ["http-nio-8090"]
27-Feb-2018 01:40:28.164 INFO [main] org.apache.coyote.AbstractProtocol.start Starting ProtocolHandler ["ajp-nio-8009"]
27-Feb-2018 01:40:28.180 INFO [main] org.apache.catalina.startup.Catalina.start Server startup in 2083 ms
27-Feb-2018 01:50:48.246 INFO [ContainerBackgroundProcessor[StandardEngine[Catalina]]] org.apache.catalina.startup.HostConfig.undeploy Undeploying context [/manager]
27-Feb-2018 01:50:48.269 INFO [localhost-startStop-2] org.apache.catalina.startup.HostConfig.deployDirectory Deploying web application directory [/home/ec2-user/apache-tomcat-8.5.28/webapps/manager]
27-Feb-2018 01:50:48.318 INFO [localhost-startStop-2] org.apache.catalina.startup.HostConfig.deployDirectory Deployment of web application directory [/home/ec2-user/apache-tomcat-8.5.28/webapps/manager] has finished in [49] ms
27-Feb-2018 01:51:14.348 INFO [main] org.apache.catalina.core.StandardServer.await A valid shutdown command was received via the shutdown port. Stopping the Server instance.
27-Feb-2018 01:51:14.349 INFO [main] org.apache.coyote.AbstractProtocol.pause Pausing ProtocolHandler ["http-nio-8090"]
27-Feb-2018 01:51:14.360 INFO [main] org.apache.coyote.AbstractProtocol.pause Pausing ProtocolHandler ["ajp-nio-8009"]
27-Feb-2018 01:51:14.361 INFO [main] org.apache.catalina.core.StandardService.stopInternal Stopping service [Catalina]
27-Feb-2018 01:51:14.419 INFO [main] org.apache.coyote.AbstractProtocol.stop Stopping ProtocolHandler ["http-nio-8090"]
27-Feb-2018 01:51:14.420 INFO [main] org.apache.coyote.AbstractProtocol.stop Stopping ProtocolHandler ["ajp-nio-8009"]
27-Feb-2018 01:51:14.421 INFO [main] org.apache.coyote.AbstractProtocol.destroy Destroying ProtocolHandler ["http-nio-8090"]
27-Feb-2018 01:51:14.422 INFO [main] org.apache.coyote.AbstractProtocol.destroy Destroying ProtocolHandler ["ajp-nio-8009"]
27-Feb-2018 01:51:27.453 INFO [main] org.apache.catalina.startup.VersionLoggerListener.log Server version:        Apache Tomcat/8.5.28
27-Feb-2018 01:51:27.459 INFO [main] org.apache.catalina.startup.VersionLoggerListener.log Server built:          Feb 6 2018 23:10:25 UTC
27-Feb-2018 01:51:27.459 INFO [main] org.apache.catalina.startup.VersionLoggerListener.log Server number:         8.5.28.0
27-Feb-2018 01:51:27.459 INFO [main] org.apache.catalina.startup.VersionLoggerListener.log OS Name:               Linux
27-Feb-2018 01:51:27.459 INFO [main] org.apache.catalina.startup.VersionLoggerListener.log OS Version:            4.9.76-3.78.amzn1.x86_64
27-Feb-2018 01:51:27.460 INFO [main] org.apache.catalina.startup.VersionLoggerListener.log Architecture:          amd64
27-Feb-2018 01:51:27.460 INFO [main] org.apache.catalina.startup.VersionLoggerListener.log Java Home:             /usr/lib/jvm/java-1.7.0-openjdk-1.7.0.161.x86_64/jre
27-Feb-2018 01:51:27.460 INFO [main] org.apache.catalina.startup.VersionLoggerListener.log JVM Version:           1.7.0_161-mockbuild_2017_12_19_23_46-b00
27-Feb-2018 01:51:27.460 INFO [main] org.apache.catalina.startup.VersionLoggerListener.log JVM Vendor:            Oracle Corporation
27-Feb-2018 01:51:27.465 INFO [main] org.apache.catalina.startup.VersionLoggerListener.log CATALINA_BASE:         /home/ec2-user/apache-tomcat-8.5.28
27-Feb-2018 01:51:27.465 INFO [main] org.apache.catalina.startup.VersionLoggerListener.log CATALINA_HOME:         /home/ec2-user/apache-tomcat-8.5.28
27-Feb-2018 01:51:27.466 INFO [main] org.apache.catalina.startup.VersionLoggerListener.log Command line argument: -Djava.util.logging.config.file=/home/ec2-user/apache-tomcat-8.5.28/conf/logging.properties
27-Feb-2018 01:51:27.467 INFO [main] org.apache.catalina.startup.VersionLoggerListener.log Command line argument: -Djava.util.logging.manager=org.apache.juli.ClassLoaderLogManager
27-Feb-2018 01:51:27.467 INFO [main] org.apache.catalina.startup.VersionLoggerListener.log Command line argument: -Djdk.tls.ephemeralDHKeySize=2048
27-Feb-2018 01:51:27.467 INFO [main] org.apache.catalina.startup.VersionLoggerListener.log Command line argument: -Djava.protocol.handler.pkgs=org.apache.catalina.webresources
27-Feb-2018 01:51:27.467 INFO [main] org.apache.catalina.startup.VersionLoggerListener.log Command line argument: -Dignore.endorsed.dirs=
27-Feb-2018 01:51:27.467 INFO [main] org.apache.catalina.startup.VersionLoggerListener.log Command line argument: -Dcatalina.base=/home/ec2-user/apache-tomcat-8.5.28
27-Feb-2018 01:51:27.468 INFO [main] org.apache.catalina.startup.VersionLoggerListener.log Command line argument: -Dcatalina.home=/home/ec2-user/apache-tomcat-8.5.28
27-Feb-2018 01:51:27.468 INFO [main] org.apache.catalina.startup.VersionLoggerListener.log Command line argument: -Djava.io.tmpdir=/home/ec2-user/apache-tomcat-8.5.28/temp
27-Feb-2018 01:51:27.468 INFO [main] org.apache.catalina.core.AprLifecycleListener.lifecycleEvent The APR based Apache Tomcat Native library which allows optimal performance in production environments was not found on the java.library.path: [/usr/java/packages/lib/amd64:/usr/lib64:/lib64:/lib:/usr/lib]
27-Feb-2018 01:51:27.601 INFO [main] org.apache.coyote.AbstractProtocol.init Initializing ProtocolHandler ["http-nio-8090"]
27-Feb-2018 01:51:27.621 INFO [main] org.apache.tomcat.util.net.NioSelectorPool.getSharedSelector Using a shared selector for servlet write/read
27-Feb-2018 01:51:27.634 INFO [main] org.apache.coyote.AbstractProtocol.init Initializing ProtocolHandler ["ajp-nio-8009"]
27-Feb-2018 01:51:27.635 INFO [main] org.apache.tomcat.util.net.NioSelectorPool.getSharedSelector Using a shared selector for servlet write/read
27-Feb-2018 01:51:27.636 INFO [main] org.apache.catalina.startup.Catalina.load Initialization processed in 1061 ms
27-Feb-2018 01:51:27.712 INFO [main] org.apache.catalina.core.StandardService.startInternal Starting service [Catalina]
27-Feb-2018 01:51:27.713 INFO [main] org.apache.catalina.core.StandardEngine.startInternal Starting Servlet Engine: Apache Tomcat/8.5.28
27-Feb-2018 01:51:27.720 INFO [localhost-startStop-1] org.apache.catalina.startup.HostConfig.deployDirectory Deploying web application directory [/home/ec2-user/apache-tomcat-8.5.28/webapps/examples]
27-Feb-2018 01:51:29.306 INFO [localhost-startStop-1] org.apache.catalina.startup.HostConfig.deployDirectory Deployment of web application directory [/home/ec2-user/apache-tomcat-8.5.28/webapps/examples] has finished in [1,585] ms
27-Feb-2018 01:51:29.308 INFO [localhost-startStop-1] org.apache.catalina.startup.HostConfig.deployDirectory Deploying web application directory [/home/ec2-user/apache-tomcat-8.5.28/webapps/docs]
27-Feb-2018 01:51:29.341 INFO [localhost-startStop-1] org.apache.catalina.startup.HostConfig.deployDirectory Deployment of web application directory [/home/ec2-user/apache-tomcat-8.5.28/webapps/docs] has finished in [33] ms
27-Feb-2018 01:51:29.348 INFO [localhost-startStop-1] org.apache.catalina.startup.HostConfig.deployDirectory Deploying web application directory [/home/ec2-user/apache-tomcat-8.5.28/webapps/host-manager]
27-Feb-2018 01:51:29.405 INFO [localhost-startStop-1] org.apache.catalina.startup.HostConfig.deployDirectory Deployment of web application directory [/home/ec2-user/apache-tomcat-8.5.28/webapps/host-manager] has finished in [57] ms
27-Feb-2018 01:51:29.406 INFO [localhost-startStop-1] org.apache.catalina.startup.HostConfig.deployDirectory Deploying web application directory [/home/ec2-user/apache-tomcat-8.5.28/webapps/ROOT]
27-Feb-2018 01:51:29.452 INFO [localhost-startStop-1] org.apache.catalina.startup.HostConfig.deployDirectory Deployment of web application directory [/home/ec2-user/apache-tomcat-8.5.28/webapps/ROOT] has finished in [46] ms
27-Feb-2018 01:51:29.453 INFO [localhost-startStop-1] org.apache.catalina.startup.HostConfig.deployDirectory Deploying web application directory [/home/ec2-user/apache-tomcat-8.5.28/webapps/manager]
27-Feb-2018 01:51:29.511 INFO [localhost-startStop-1] org.apache.catalina.startup.HostConfig.deployDirectory Deployment of web application directory [/home/ec2-user/apache-tomcat-8.5.28/webapps/manager] has finished in [58] ms
27-Feb-2018 01:51:29.523 INFO [main] org.apache.coyote.AbstractProtocol.start Starting ProtocolHandler ["http-nio-8090"]
27-Feb-2018 01:51:29.568 INFO [main] org.apache.coyote.AbstractProtocol.start Starting ProtocolHandler ["ajp-nio-8009"]
27-Feb-2018 01:51:29.588 INFO [main] org.apache.catalina.startup.Catalina.start Server startup in 1952 ms
27-Feb-2018 01:52:26.345 INFO [http-nio-8090-exec-6] org.apache.catalina.startup.HostConfig.deployWAR Deploying web application archive [/home/ec2-user/apache-tomcat-8.5.28/webapps/webapp.war]
27-Feb-2018 01:52:26.423 INFO [http-nio-8090-exec-6] org.apache.catalina.startup.HostConfig.deployWAR Deployment of web application archive [/home/ec2-user/apache-tomcat-8.5.28/webapps/webapp.war] has finished in [78] ms
27-Feb-2018 02:03:11.882 INFO [http-nio-8090-exec-6] org.apache.catalina.startup.HostConfig.undeploy Undeploying context [/webapp]
27-Feb-2018 02:03:11.889 INFO [http-nio-8090-exec-10] org.apache.catalina.startup.HostConfig.deployWAR Deploying web application archive [/home/ec2-user/apache-tomcat-8.5.28/webapps/webapp.war]
27-Feb-2018 02:03:11.916 INFO [http-nio-8090-exec-10] org.apache.catalina.startup.HostConfig.deployWAR Deployment of web application archive [/home/ec2-user/apache-tomcat-8.5.28/webapps/webapp.war] has finished in [26] ms
27-Feb-2018 02:13:10.259 INFO [ContainerBackgroundProcessor[StandardEngine[Catalina]]] org.apache.catalina.startup.HostConfig.undeploy Undeploying context [/webapp]
27-Feb-2018 02:13:10.268 WARNING [ContainerBackgroundProcessor[StandardEngine[Catalina]]] org.apache.catalina.loader.WebappClassLoaderBase.clearReferencesJdbc JDBC driver de-registration failed for web application [webapp]
 java.lang.NullPointerException
	at org.apache.catalina.loader.WebappClassLoaderBase.clearReferencesJdbc(WebappClassLoaderBase.java:1585)
	at org.apache.catalina.loader.WebappClassLoaderBase.clearReferences(WebappClassLoaderBase.java:1531)
	at org.apache.catalina.loader.WebappClassLoaderBase.stop(WebappClassLoaderBase.java:1483)
	at org.apache.catalina.loader.WebappLoader.stopInternal(WebappLoader.java:447)
	at org.apache.catalina.util.LifecycleBase.stop(LifecycleBase.java:226)
	at org.apache.catalina.core.StandardContext.stopInternal(StandardContext.java:5473)
	at org.apache.catalina.util.LifecycleBase.stop(LifecycleBase.java:226)
	at org.apache.catalina.core.ContainerBase.removeChild(ContainerBase.java:843)
	at org.apache.catalina.startup.HostConfig.undeploy(HostConfig.java:1434)
	at org.apache.catalina.startup.HostConfig.checkResources(HostConfig.java:1360)
	at org.apache.catalina.startup.HostConfig.check(HostConfig.java:1620)
	at org.apache.catalina.startup.HostConfig.lifecycleEvent(HostConfig.java:314)
	at org.apache.catalina.util.LifecycleBase.fireLifecycleEvent(LifecycleBase.java:94)
	at org.apache.catalina.core.ContainerBase.backgroundProcess(ContainerBase.java:1164)
	at org.apache.catalina.core.ContainerBase$ContainerBackgroundProcessor.processChildren(ContainerBase.java:1388)
	at org.apache.catalina.core.ContainerBase$ContainerBackgroundProcessor.processChildren(ContainerBase.java:1392)
	at org.apache.catalina.core.ContainerBase$ContainerBackgroundProcessor.run(ContainerBase.java:1360)
	at java.lang.Thread.run(Thread.java:748)

27-Feb-2018 02:13:10.774 INFO [ContainerBackgroundProcessor[StandardEngine[Catalina]]] org.apache.catalina.startup.HostConfig.undeploy Undeploying context [/host-manager]
27-Feb-2018 02:13:10.776 WARNING [ContainerBackgroundProcessor[StandardEngine[Catalina]]] org.apache.catalina.loader.WebappClassLoaderBase.clearReferencesJdbc JDBC driver de-registration failed for web application [host-manager]
 java.lang.NullPointerException
	at org.apache.catalina.loader.WebappClassLoaderBase.clearReferencesJdbc(WebappClassLoaderBase.java:1585)
	at org.apache.catalina.loader.WebappClassLoaderBase.clearReferences(WebappClassLoaderBase.java:1531)
	at org.apache.catalina.loader.WebappClassLoaderBase.stop(WebappClassLoaderBase.java:1483)
	at org.apache.catalina.loader.WebappLoader.stopInternal(WebappLoader.java:447)
	at org.apache.catalina.util.LifecycleBase.stop(LifecycleBase.java:226)
	at org.apache.catalina.core.StandardContext.stopInternal(StandardContext.java:5473)
	at org.apache.catalina.util.LifecycleBase.stop(LifecycleBase.java:226)
	at org.apache.catalina.core.ContainerBase.removeChild(ContainerBase.java:843)
	at org.apache.catalina.startup.HostConfig.undeploy(HostConfig.java:1434)
	at org.apache.catalina.startup.HostConfig.checkResources(HostConfig.java:1360)
	at org.apache.catalina.startup.HostConfig.check(HostConfig.java:1620)
	at org.apache.catalina.startup.HostConfig.lifecycleEvent(HostConfig.java:314)
	at org.apache.catalina.util.LifecycleBase.fireLifecycleEvent(LifecycleBase.java:94)
	at org.apache.catalina.core.ContainerBase.backgroundProcess(ContainerBase.java:1164)
	at org.apache.catalina.core.ContainerBase$ContainerBackgroundProcessor.processChildren(ContainerBase.java:1388)
	at org.apache.catalina.core.ContainerBase$ContainerBackgroundProcessor.processChildren(ContainerBase.java:1392)
	at org.apache.catalina.core.ContainerBase$ContainerBackgroundProcessor.run(ContainerBase.java:1360)
	at java.lang.Thread.run(Thread.java:748)

27-Feb-2018 02:13:11.279 INFO [ContainerBackgroundProcessor[StandardEngine[Catalina]]] org.apache.catalina.startup.HostConfig.undeploy Undeploying context [/docs]
27-Feb-2018 02:13:11.283 WARNING [ContainerBackgroundProcessor[StandardEngine[Catalina]]] org.apache.catalina.loader.WebappClassLoaderBase.clearReferencesJdbc JDBC driver de-registration failed for web application [docs]
 java.lang.NullPointerException
	at org.apache.catalina.loader.WebappClassLoaderBase.clearReferencesJdbc(WebappClassLoaderBase.java:1585)
	at org.apache.catalina.loader.WebappClassLoaderBase.clearReferences(WebappClassLoaderBase.java:1531)
	at org.apache.catalina.loader.WebappClassLoaderBase.stop(WebappClassLoaderBase.java:1483)
	at org.apache.catalina.loader.WebappLoader.stopInternal(WebappLoader.java:447)
	at org.apache.catalina.util.LifecycleBase.stop(LifecycleBase.java:226)
	at org.apache.catalina.core.StandardContext.stopInternal(StandardContext.java:5473)
	at org.apache.catalina.util.LifecycleBase.stop(LifecycleBase.java:226)
	at org.apache.catalina.core.ContainerBase.removeChild(ContainerBase.java:843)
	at org.apache.catalina.startup.HostConfig.undeploy(HostConfig.java:1434)
	at org.apache.catalina.startup.HostConfig.checkResources(HostConfig.java:1360)
	at org.apache.catalina.startup.HostConfig.check(HostConfig.java:1620)
	at org.apache.catalina.startup.HostConfig.lifecycleEvent(HostConfig.java:314)
	at org.apache.catalina.util.LifecycleBase.fireLifecycleEvent(LifecycleBase.java:94)
	at org.apache.catalina.core.ContainerBase.backgroundProcess(ContainerBase.java:1164)
	at org.apache.catalina.core.ContainerBase$ContainerBackgroundProcessor.processChildren(ContainerBase.java:1388)
	at org.apache.catalina.core.ContainerBase$ContainerBackgroundProcessor.processChildren(ContainerBase.java:1392)
	at org.apache.catalina.core.ContainerBase$ContainerBackgroundProcessor.run(ContainerBase.java:1360)
	at java.lang.Thread.run(Thread.java:748)

27-Feb-2018 02:13:11.785 INFO [ContainerBackgroundProcessor[StandardEngine[Catalina]]] org.apache.catalina.startup.HostConfig.undeploy Undeploying context []
27-Feb-2018 02:13:11.787 WARNING [ContainerBackgroundProcessor[StandardEngine[Catalina]]] org.apache.catalina.loader.WebappClassLoaderBase.clearReferencesJdbc JDBC driver de-registration failed for web application [ROOT]
 java.lang.NullPointerException
	at org.apache.catalina.loader.WebappClassLoaderBase.clearReferencesJdbc(WebappClassLoaderBase.java:1585)
	at org.apache.catalina.loader.WebappClassLoaderBase.clearReferences(WebappClassLoaderBase.java:1531)
	at org.apache.catalina.loader.WebappClassLoaderBase.stop(WebappClassLoaderBase.java:1483)
	at org.apache.catalina.loader.WebappLoader.stopInternal(WebappLoader.java:447)
	at org.apache.catalina.util.LifecycleBase.stop(LifecycleBase.java:226)
	at org.apache.catalina.core.StandardContext.stopInternal(StandardContext.java:5473)
	at org.apache.catalina.util.LifecycleBase.stop(LifecycleBase.java:226)
	at org.apache.catalina.core.ContainerBase.removeChild(ContainerBase.java:843)
	at org.apache.catalina.startup.HostConfig.undeploy(HostConfig.java:1434)
	at org.apache.catalina.startup.HostConfig.checkResources(HostConfig.java:1360)
	at org.apache.catalina.startup.HostConfig.check(HostConfig.java:1620)
	at org.apache.catalina.startup.HostConfig.lifecycleEvent(HostConfig.java:314)
	at org.apache.catalina.util.LifecycleBase.fireLifecycleEvent(LifecycleBase.java:94)
	at org.apache.catalina.core.ContainerBase.backgroundProcess(ContainerBase.java:1164)
	at org.apache.catalina.core.ContainerBase$ContainerBackgroundProcessor.processChildren(ContainerBase.java:1388)
	at org.apache.catalina.core.ContainerBase$ContainerBackgroundProcessor.processChildren(ContainerBase.java:1392)
	at org.apache.catalina.core.ContainerBase$ContainerBackgroundProcessor.run(ContainerBase.java:1360)
	at java.lang.Thread.run(Thread.java:748)

27-Feb-2018 02:13:12.293 INFO [ContainerBackgroundProcessor[StandardEngine[Catalina]]] org.apache.catalina.startup.HostConfig.undeploy Undeploying context [/examples]
27-Feb-2018 02:13:12.297 WARNING [ContainerBackgroundProcessor[StandardEngine[Catalina]]] org.apache.catalina.loader.WebappClassLoaderBase.clearReferencesJdbc JDBC driver de-registration failed for web application [examples]
 java.lang.IllegalStateException: java.io.FileNotFoundException: /home/ec2-user/apache-tomcat-8.5.28/webapps/examples/WEB-INF/lib/taglibs-standard-impl-1.2.5.jar (No such file or directory)
	at org.apache.catalina.webresources.AbstractSingleArchiveResourceSet.getArchiveEntry(AbstractSingleArchiveResourceSet.java:100)
	at org.apache.catalina.webresources.AbstractArchiveResourceSet.getResource(AbstractArchiveResourceSet.java:265)
	at org.apache.catalina.webresources.StandardRoot.getResourceInternal(StandardRoot.java:281)
	at org.apache.catalina.webresources.Cache.getResource(Cache.java:62)
	at org.apache.catalina.webresources.StandardRoot.getResource(StandardRoot.java:216)
	at org.apache.catalina.webresources.StandardRoot.getClassLoaderResource(StandardRoot.java:225)
	at org.apache.catalina.loader.WebappClassLoaderBase.getResourceAsStream(WebappClassLoaderBase.java:1067)
	at org.apache.catalina.loader.WebappClassLoaderBase.clearReferencesJdbc(WebappClassLoaderBase.java:1583)
	at org.apache.catalina.loader.WebappClassLoaderBase.clearReferences(WebappClassLoaderBase.java:1531)
	at org.apache.catalina.loader.WebappClassLoaderBase.stop(WebappClassLoaderBase.java:1483)
	at org.apache.catalina.loader.WebappLoader.stopInternal(WebappLoader.java:447)
	at org.apache.catalina.util.LifecycleBase.stop(LifecycleBase.java:226)
	at org.apache.catalina.core.StandardContext.stopInternal(StandardContext.java:5473)
	at org.apache.catalina.util.LifecycleBase.stop(LifecycleBase.java:226)
	at org.apache.catalina.core.ContainerBase.removeChild(ContainerBase.java:843)
	at org.apache.catalina.startup.HostConfig.undeploy(HostConfig.java:1434)
	at org.apache.catalina.startup.HostConfig.checkResources(HostConfig.java:1360)
	at org.apache.catalina.startup.HostConfig.check(HostConfig.java:1620)
	at org.apache.catalina.startup.HostConfig.lifecycleEvent(HostConfig.java:314)
	at org.apache.catalina.util.LifecycleBase.fireLifecycleEvent(LifecycleBase.java:94)
	at org.apache.catalina.core.ContainerBase.backgroundProcess(ContainerBase.java:1164)
	at org.apache.catalina.core.ContainerBase$ContainerBackgroundProcessor.processChildren(ContainerBase.java:1388)
	at org.apache.catalina.core.ContainerBase$ContainerBackgroundProcessor.processChildren(ContainerBase.java:1392)
	at org.apache.catalina.core.ContainerBase$ContainerBackgroundProcessor.run(ContainerBase.java:1360)
	at java.lang.Thread.run(Thread.java:748)
Caused by: java.io.FileNotFoundException: /home/ec2-user/apache-tomcat-8.5.28/webapps/examples/WEB-INF/lib/taglibs-standard-impl-1.2.5.jar (No such file or directory)
	at java.util.zip.ZipFile.open(Native Method)
	at java.util.zip.ZipFile.<init>(ZipFile.java:221)
	at java.util.zip.ZipFile.<init>(ZipFile.java:151)
	at java.util.jar.JarFile.<init>(JarFile.java:154)
	at java.util.jar.JarFile.<init>(JarFile.java:118)
	at org.apache.tomcat.util.compat.JreCompat.jarFileNewInstance(JreCompat.java:188)
	at org.apache.tomcat.util.compat.JreCompat.jarFileNewInstance(JreCompat.java:173)
	at org.apache.catalina.webresources.AbstractArchiveResourceSet.openJarFile(AbstractArchiveResourceSet.java:316)
	at org.apache.catalina.webresources.AbstractSingleArchiveResourceSet.getArchiveEntry(AbstractSingleArchiveResourceSet.java:96)
	... 24 more

27-Feb-2018 02:13:12.800 INFO [ContainerBackgroundProcessor[StandardEngine[Catalina]]] org.apache.catalina.startup.HostConfig.undeploy Undeploying context [/manager]
27-Feb-2018 02:13:12.803 WARNING [ContainerBackgroundProcessor[StandardEngine[Catalina]]] org.apache.catalina.loader.WebappClassLoaderBase.clearReferencesJdbc JDBC driver de-registration failed for web application [manager]
 java.lang.NullPointerException
	at org.apache.catalina.loader.WebappClassLoaderBase.clearReferencesJdbc(WebappClassLoaderBase.java:1585)
	at org.apache.catalina.loader.WebappClassLoaderBase.clearReferences(WebappClassLoaderBase.java:1531)
	at org.apache.catalina.loader.WebappClassLoaderBase.stop(WebappClassLoaderBase.java:1483)
	at org.apache.catalina.loader.WebappLoader.stopInternal(WebappLoader.java:447)
	at org.apache.catalina.util.LifecycleBase.stop(LifecycleBase.java:226)
	at org.apache.catalina.core.StandardContext.stopInternal(StandardContext.java:5473)
	at org.apache.catalina.util.LifecycleBase.stop(LifecycleBase.java:226)
	at org.apache.catalina.core.ContainerBase.removeChild(ContainerBase.java:843)
	at org.apache.catalina.startup.HostConfig.undeploy(HostConfig.java:1434)
	at org.apache.catalina.startup.HostConfig.checkResources(HostConfig.java:1360)
	at org.apache.catalina.startup.HostConfig.check(HostConfig.java:1620)
	at org.apache.catalina.startup.HostConfig.lifecycleEvent(HostConfig.java:314)
	at org.apache.catalina.util.LifecycleBase.fireLifecycleEvent(LifecycleBase.java:94)
	at org.apache.catalina.core.ContainerBase.backgroundProcess(ContainerBase.java:1164)
	at org.apache.catalina.core.ContainerBase$ContainerBackgroundProcessor.processChildren(ContainerBase.java:1388)
	at org.apache.catalina.core.ContainerBase$ContainerBackgroundProcessor.processChildren(ContainerBase.java:1392)
	at org.apache.catalina.core.ContainerBase$ContainerBackgroundProcessor.run(ContainerBase.java:1360)
	at java.lang.Thread.run(Thread.java:748)

27-Feb-2018 02:16:27.626 INFO [main] org.apache.catalina.core.StandardServer.await A valid shutdown command was received via the shutdown port. Stopping the Server instance.
27-Feb-2018 02:16:27.626 INFO [main] org.apache.coyote.AbstractProtocol.pause Pausing ProtocolHandler ["http-nio-8090"]
27-Feb-2018 02:16:27.629 INFO [main] org.apache.coyote.AbstractProtocol.pause Pausing ProtocolHandler ["ajp-nio-8009"]
27-Feb-2018 02:16:27.630 INFO [main] org.apache.catalina.core.StandardService.stopInternal Stopping service [Catalina]
27-Feb-2018 02:16:27.633 INFO [main] org.apache.coyote.AbstractProtocol.stop Stopping ProtocolHandler ["http-nio-8090"]
27-Feb-2018 02:16:27.634 INFO [main] org.apache.coyote.AbstractProtocol.stop Stopping ProtocolHandler ["ajp-nio-8009"]
27-Feb-2018 02:16:27.635 INFO [main] org.apache.coyote.AbstractProtocol.destroy Destroying ProtocolHandler ["http-nio-8090"]
27-Feb-2018 02:16:27.636 INFO [main] org.apache.coyote.AbstractProtocol.destroy Destroying ProtocolHandler ["ajp-nio-8009"]
27-Feb-2018 02:19:31.633 INFO [main] org.apache.catalina.startup.VersionLoggerListener.log Server version:        Apache Tomcat/8.5.28
27-Feb-2018 02:19:31.638 INFO [main] org.apache.catalina.startup.VersionLoggerListener.log Server built:          Feb 6 2018 23:10:25 UTC
27-Feb-2018 02:19:31.638 INFO [main] org.apache.catalina.startup.VersionLoggerListener.log Server number:         8.5.28.0
27-Feb-2018 02:19:31.638 INFO [main] org.apache.catalina.startup.VersionLoggerListener.log OS Name:               Linux
27-Feb-2018 02:19:31.638 INFO [main] org.apache.catalina.startup.VersionLoggerListener.log OS Version:            4.9.76-3.78.amzn1.x86_64
27-Feb-2018 02:19:31.639 INFO [main] org.apache.catalina.startup.VersionLoggerListener.log Architecture:          amd64
27-Feb-2018 02:19:31.639 INFO [main] org.apache.catalina.startup.VersionLoggerListener.log Java Home:             /usr/lib/jvm/java-1.7.0-openjdk-1.7.0.161.x86_64/jre
27-Feb-2018 02:19:31.639 INFO [main] org.apache.catalina.startup.VersionLoggerListener.log JVM Version:           1.7.0_161-mockbuild_2017_12_19_23_46-b00
27-Feb-2018 02:19:31.639 INFO [main] org.apache.catalina.startup.VersionLoggerListener.log JVM Vendor:            Oracle Corporation
27-Feb-2018 02:19:31.639 INFO [main] org.apache.catalina.startup.VersionLoggerListener.log CATALINA_BASE:         /home/ec2-user/apache-tomcat-8.5.28-staging-server
27-Feb-2018 02:19:31.640 INFO [main] org.apache.catalina.startup.VersionLoggerListener.log CATALINA_HOME:         /home/ec2-user/apache-tomcat-8.5.28-staging-server
27-Feb-2018 02:19:31.640 INFO [main] org.apache.catalina.startup.VersionLoggerListener.log Command line argument: -Djava.util.logging.config.file=/home/ec2-user/apache-tomcat-8.5.28-staging-server/conf/logging.properties
27-Feb-2018 02:19:31.640 INFO [main] org.apache.catalina.startup.VersionLoggerListener.log Command line argument: -Djava.util.logging.manager=org.apache.juli.ClassLoaderLogManager
27-Feb-2018 02:19:31.642 INFO [main] org.apache.catalina.startup.VersionLoggerListener.log Command line argument: -Djdk.tls.ephemeralDHKeySize=2048
27-Feb-2018 02:19:31.642 INFO [main] org.apache.catalina.startup.VersionLoggerListener.log Command line argument: -Djava.protocol.handler.pkgs=org.apache.catalina.webresources
27-Feb-2018 02:19:31.643 INFO [main] org.apache.catalina.startup.VersionLoggerListener.log Command line argument: -Dignore.endorsed.dirs=
27-Feb-2018 02:19:31.643 INFO [main] org.apache.catalina.startup.VersionLoggerListener.log Command line argument: -Dcatalina.base=/home/ec2-user/apache-tomcat-8.5.28-staging-server
27-Feb-2018 02:19:31.643 INFO [main] org.apache.catalina.startup.VersionLoggerListener.log Command line argument: -Dcatalina.home=/home/ec2-user/apache-tomcat-8.5.28-staging-server
27-Feb-2018 02:19:31.643 INFO [main] org.apache.catalina.startup.VersionLoggerListener.log Command line argument: -Djava.io.tmpdir=/home/ec2-user/apache-tomcat-8.5.28-staging-server/temp
27-Feb-2018 02:19:31.643 INFO [main] org.apache.catalina.core.AprLifecycleListener.lifecycleEvent The APR based Apache Tomcat Native library which allows optimal performance in production environments was not found on the java.library.path: [/usr/java/packages/lib/amd64:/usr/lib64:/lib64:/lib:/usr/lib]
27-Feb-2018 02:19:31.771 INFO [main] org.apache.coyote.AbstractProtocol.init Initializing ProtocolHandler ["http-nio-8090"]
27-Feb-2018 02:19:31.793 INFO [main] org.apache.tomcat.util.net.NioSelectorPool.getSharedSelector Using a shared selector for servlet write/read
27-Feb-2018 02:19:31.810 INFO [main] org.apache.coyote.AbstractProtocol.init Initializing ProtocolHandler ["ajp-nio-8009"]
27-Feb-2018 02:19:31.811 SEVERE [main] org.apache.catalina.core.StandardService.initInternal Failed to initialize connector [Connector[AJP/1.3-8009]]
 org.apache.catalina.LifecycleException: Failed to initialize component [Connector[AJP/1.3-8009]]
	at org.apache.catalina.util.LifecycleBase.init(LifecycleBase.java:113)
	at org.apache.catalina.core.StandardService.initInternal(StandardService.java:549)
	at org.apache.catalina.util.LifecycleBase.init(LifecycleBase.java:107)
	at org.apache.catalina.core.StandardServer.initInternal(StandardServer.java:875)
	at org.apache.catalina.util.LifecycleBase.init(LifecycleBase.java:107)
	at org.apache.catalina.startup.Catalina.load(Catalina.java:632)
	at org.apache.catalina.startup.Catalina.load(Catalina.java:655)
	at sun.reflect.NativeMethodAccessorImpl.invoke0(Native Method)
	at sun.reflect.NativeMethodAccessorImpl.invoke(NativeMethodAccessorImpl.java:57)
	at sun.reflect.DelegatingMethodAccessorImpl.invoke(DelegatingMethodAccessorImpl.java:43)
	at java.lang.reflect.Method.invoke(Method.java:606)
	at org.apache.catalina.startup.Bootstrap.load(Bootstrap.java:309)
	at org.apache.catalina.startup.Bootstrap.main(Bootstrap.java:492)
Caused by: org.apache.catalina.LifecycleException: Protocol handler initialization failed
	at org.apache.catalina.connector.Connector.initInternal(Connector.java:996)
	at org.apache.catalina.util.LifecycleBase.init(LifecycleBase.java:107)
	... 12 more
Caused by: java.net.BindException: Address already in use
	at sun.nio.ch.Net.bind0(Native Method)
	at sun.nio.ch.Net.bind(Net.java:463)
	at sun.nio.ch.Net.bind(Net.java:455)
	at sun.nio.ch.ServerSocketChannelImpl.bind(ServerSocketChannelImpl.java:223)
	at sun.nio.ch.ServerSocketAdaptor.bind(ServerSocketAdaptor.java:74)
	at org.apache.tomcat.util.net.NioEndpoint.bind(NioEndpoint.java:210)
	at org.apache.tomcat.util.net.AbstractEndpoint.init(AbstractEndpoint.java:1086)
	at org.apache.tomcat.util.net.AbstractJsseEndpoint.init(AbstractJsseEndpoint.java:268)
	at org.apache.coyote.AbstractProtocol.init(AbstractProtocol.java:581)
	at org.apache.catalina.connector.Connector.initInternal(Connector.java:993)
	... 13 more

27-Feb-2018 02:19:31.812 INFO [main] org.apache.catalina.startup.Catalina.load Initialization processed in 1047 ms
27-Feb-2018 02:19:31.888 INFO [main] org.apache.catalina.core.StandardService.startInternal Starting service [Catalina]
27-Feb-2018 02:19:31.889 INFO [main] org.apache.catalina.core.StandardEngine.startInternal Starting Servlet Engine: Apache Tomcat/8.5.28
27-Feb-2018 02:19:31.910 INFO [localhost-startStop-1] org.apache.catalina.startup.HostConfig.deployWAR Deploying web application archive [/home/ec2-user/apache-tomcat-8.5.28-staging-server/webapps/webapp.war]
27-Feb-2018 02:19:32.773 INFO [localhost-startStop-1] org.apache.catalina.startup.HostConfig.deployWAR Deployment of web application archive [/home/ec2-user/apache-tomcat-8.5.28-staging-server/webapps/webapp.war] has finished in [863] ms
27-Feb-2018 02:19:32.777 INFO [localhost-startStop-1] org.apache.catalina.startup.HostConfig.deployDirectory Deploying web application directory [/home/ec2-user/apache-tomcat-8.5.28-staging-server/webapps/examples]
27-Feb-2018 02:19:33.563 INFO [localhost-startStop-1] org.apache.catalina.startup.HostConfig.deployDirectory Deployment of web application directory [/home/ec2-user/apache-tomcat-8.5.28-staging-server/webapps/examples] has finished in [785] ms
27-Feb-2018 02:19:33.568 INFO [localhost-startStop-1] org.apache.catalina.startup.HostConfig.deployDirectory Deploying web application directory [/home/ec2-user/apache-tomcat-8.5.28-staging-server/webapps/docs]
27-Feb-2018 02:19:33.615 INFO [localhost-startStop-1] org.apache.catalina.startup.HostConfig.deployDirectory Deployment of web application directory [/home/ec2-user/apache-tomcat-8.5.28-staging-server/webapps/docs] has finished in [47] ms
27-Feb-2018 02:19:33.615 INFO [localhost-startStop-1] org.apache.catalina.startup.HostConfig.deployDirectory Deploying web application directory [/home/ec2-user/apache-tomcat-8.5.28-staging-server/webapps/host-manager]
27-Feb-2018 02:19:33.669 INFO [localhost-startStop-1] org.apache.catalina.startup.HostConfig.deployDirectory Deployment of web application directory [/home/ec2-user/apache-tomcat-8.5.28-staging-server/webapps/host-manager] has finished in [54] ms
27-Feb-2018 02:19:33.669 INFO [localhost-startStop-1] org.apache.catalina.startup.HostConfig.deployDirectory Deploying web application directory [/home/ec2-user/apache-tomcat-8.5.28-staging-server/webapps/ROOT]
27-Feb-2018 02:19:33.707 INFO [localhost-startStop-1] org.apache.catalina.startup.HostConfig.deployDirectory Deployment of web application directory [/home/ec2-user/apache-tomcat-8.5.28-staging-server/webapps/ROOT] has finished in [38] ms
27-Feb-2018 02:19:33.712 INFO [localhost-startStop-1] org.apache.catalina.startup.HostConfig.deployDirectory Deploying web application directory [/home/ec2-user/apache-tomcat-8.5.28-staging-server/webapps/manager]
27-Feb-2018 02:19:33.769 INFO [localhost-startStop-1] org.apache.catalina.startup.HostConfig.deployDirectory Deployment of web application directory [/home/ec2-user/apache-tomcat-8.5.28-staging-server/webapps/manager] has finished in [57] ms
27-Feb-2018 02:19:33.778 INFO [main] org.apache.coyote.AbstractProtocol.start Starting ProtocolHandler ["http-nio-8090"]
27-Feb-2018 02:19:33.808 INFO [main] org.apache.catalina.startup.Catalina.start Server startup in 1992 ms
27-Feb-2018 02:19:33.809 SEVERE [main] org.apache.catalina.core.StandardServer.await StandardServer.await: create[localhost:8005]: 
 java.net.BindException: Address already in use (Bind failed)
	at java.net.PlainSocketImpl.socketBind(Native Method)
	at java.net.AbstractPlainSocketImpl.bind(AbstractPlainSocketImpl.java:376)
	at java.net.ServerSocket.bind(ServerSocket.java:376)
	at java.net.ServerSocket.<init>(ServerSocket.java:237)
	at org.apache.catalina.core.StandardServer.await(StandardServer.java:441)
	at org.apache.catalina.startup.Catalina.await(Catalina.java:769)
	at org.apache.catalina.startup.Catalina.start(Catalina.java:715)
	at sun.reflect.NativeMethodAccessorImpl.invoke0(Native Method)
	at sun.reflect.NativeMethodAccessorImpl.invoke(NativeMethodAccessorImpl.java:57)
	at sun.reflect.DelegatingMethodAccessorImpl.invoke(DelegatingMethodAccessorImpl.java:43)
	at java.lang.reflect.Method.invoke(Method.java:606)
	at org.apache.catalina.startup.Bootstrap.start(Bootstrap.java:353)
	at org.apache.catalina.startup.Bootstrap.main(Bootstrap.java:493)

27-Feb-2018 02:19:33.817 INFO [main] org.apache.coyote.AbstractProtocol.pause Pausing ProtocolHandler ["http-nio-8090"]
27-Feb-2018 02:19:33.821 INFO [main] org.apache.coyote.AbstractProtocol.pause Pausing ProtocolHandler ["ajp-nio-8009"]
27-Feb-2018 02:19:33.822 INFO [main] org.apache.catalina.core.StandardService.stopInternal Stopping service [Catalina]
27-Feb-2018 02:19:33.854 INFO [main] org.apache.coyote.AbstractProtocol.stop Stopping ProtocolHandler ["http-nio-8090"]
27-Feb-2018 02:19:33.855 INFO [main] org.apache.coyote.AbstractProtocol.destroy Destroying ProtocolHandler ["http-nio-8090"]
27-Feb-2018 02:19:33.856 INFO [main] org.apache.coyote.AbstractProtocol.stop Stopping ProtocolHandler ["ajp-nio-8009"]
27-Feb-2018 02:19:33.856 INFO [main] org.apache.coyote.AbstractProtocol.destroy Destroying ProtocolHandler ["ajp-nio-8009"]
27-Feb-2018 02:20:30.176 INFO [main] org.apache.catalina.startup.VersionLoggerListener.log Server version:        Apache Tomcat/8.5.28
27-Feb-2018 02:20:30.180 INFO [main] org.apache.catalina.startup.VersionLoggerListener.log Server built:          Feb 6 2018 23:10:25 UTC
27-Feb-2018 02:20:30.180 INFO [main] org.apache.catalina.startup.VersionLoggerListener.log Server number:         8.5.28.0
27-Feb-2018 02:20:30.180 INFO [main] org.apache.catalina.startup.VersionLoggerListener.log OS Name:               Linux
27-Feb-2018 02:20:30.180 INFO [main] org.apache.catalina.startup.VersionLoggerListener.log OS Version:            4.9.76-3.78.amzn1.x86_64
27-Feb-2018 02:20:30.180 INFO [main] org.apache.catalina.startup.VersionLoggerListener.log Architecture:          amd64
27-Feb-2018 02:20:30.181 INFO [main] org.apache.catalina.startup.VersionLoggerListener.log Java Home:             /usr/lib/jvm/java-1.7.0-openjdk-1.7.0.161.x86_64/jre
27-Feb-2018 02:20:30.181 INFO [main] org.apache.catalina.startup.VersionLoggerListener.log JVM Version:           1.7.0_161-mockbuild_2017_12_19_23_46-b00
27-Feb-2018 02:20:30.183 INFO [main] org.apache.catalina.startup.VersionLoggerListener.log JVM Vendor:            Oracle Corporation
27-Feb-2018 02:20:30.184 INFO [main] org.apache.catalina.startup.VersionLoggerListener.log CATALINA_BASE:         /home/ec2-user/apache-tomcat-8.5.28-staging-server
27-Feb-2018 02:20:30.184 INFO [main] org.apache.catalina.startup.VersionLoggerListener.log CATALINA_HOME:         /home/ec2-user/apache-tomcat-8.5.28-staging-server
27-Feb-2018 02:20:30.184 INFO [main] org.apache.catalina.startup.VersionLoggerListener.log Command line argument: -Djava.util.logging.config.file=/home/ec2-user/apache-tomcat-8.5.28-staging-server/conf/logging.properties
27-Feb-2018 02:20:30.184 INFO [main] org.apache.catalina.startup.VersionLoggerListener.log Command line argument: -Djava.util.logging.manager=org.apache.juli.ClassLoaderLogManager
27-Feb-2018 02:20:30.185 INFO [main] org.apache.catalina.startup.VersionLoggerListener.log Command line argument: -Djdk.tls.ephemeralDHKeySize=2048
27-Feb-2018 02:20:30.185 INFO [main] org.apache.catalina.startup.VersionLoggerListener.log Command line argument: -Djava.protocol.handler.pkgs=org.apache.catalina.webresources
27-Feb-2018 02:20:30.185 INFO [main] org.apache.catalina.startup.VersionLoggerListener.log Command line argument: -Dignore.endorsed.dirs=
27-Feb-2018 02:20:30.185 INFO [main] org.apache.catalina.startup.VersionLoggerListener.log Command line argument: -Dcatalina.base=/home/ec2-user/apache-tomcat-8.5.28-staging-server
27-Feb-2018 02:20:30.185 INFO [main] org.apache.catalina.startup.VersionLoggerListener.log Command line argument: -Dcatalina.home=/home/ec2-user/apache-tomcat-8.5.28-staging-server
27-Feb-2018 02:20:30.186 INFO [main] org.apache.catalina.startup.VersionLoggerListener.log Command line argument: -Djava.io.tmpdir=/home/ec2-user/apache-tomcat-8.5.28-staging-server/temp
27-Feb-2018 02:20:30.186 INFO [main] org.apache.catalina.core.AprLifecycleListener.lifecycleEvent The APR based Apache Tomcat Native library which allows optimal performance in production environments was not found on the java.library.path: [/usr/java/packages/lib/amd64:/usr/lib64:/lib64:/lib:/usr/lib]
27-Feb-2018 02:20:30.306 INFO [main] org.apache.coyote.AbstractProtocol.init Initializing ProtocolHandler ["http-nio-8090"]
27-Feb-2018 02:20:30.324 INFO [main] org.apache.tomcat.util.net.NioSelectorPool.getSharedSelector Using a shared selector for servlet write/read
27-Feb-2018 02:20:30.342 INFO [main] org.apache.coyote.AbstractProtocol.init Initializing ProtocolHandler ["ajp-nio-8009"]
27-Feb-2018 02:20:30.349 INFO [main] org.apache.tomcat.util.net.NioSelectorPool.getSharedSelector Using a shared selector for servlet write/read
27-Feb-2018 02:20:30.349 INFO [main] org.apache.catalina.startup.Catalina.load Initialization processed in 1040 ms
27-Feb-2018 02:20:30.419 INFO [main] org.apache.catalina.core.StandardService.startInternal Starting service [Catalina]
27-Feb-2018 02:20:30.420 INFO [main] org.apache.catalina.core.StandardEngine.startInternal Starting Servlet Engine: Apache Tomcat/8.5.28
27-Feb-2018 02:20:30.441 INFO [localhost-startStop-1] org.apache.catalina.startup.HostConfig.deployWAR Deploying web application archive [/home/ec2-user/apache-tomcat-8.5.28-staging-server/webapps/webapp.war]
27-Feb-2018 02:20:31.254 INFO [localhost-startStop-1] org.apache.catalina.startup.HostConfig.deployWAR Deployment of web application archive [/home/ec2-user/apache-tomcat-8.5.28-staging-server/webapps/webapp.war] has finished in [812] ms
27-Feb-2018 02:20:31.260 INFO [localhost-startStop-1] org.apache.catalina.startup.HostConfig.deployDirectory Deploying web application directory [/home/ec2-user/apache-tomcat-8.5.28-staging-server/webapps/examples]
27-Feb-2018 02:20:32.038 INFO [localhost-startStop-1] org.apache.catalina.startup.HostConfig.deployDirectory Deployment of web application directory [/home/ec2-user/apache-tomcat-8.5.28-staging-server/webapps/examples] has finished in [778] ms
27-Feb-2018 02:20:32.040 INFO [localhost-startStop-1] org.apache.catalina.startup.HostConfig.deployDirectory Deploying web application directory [/home/ec2-user/apache-tomcat-8.5.28-staging-server/webapps/docs]
27-Feb-2018 02:20:32.090 INFO [localhost-startStop-1] org.apache.catalina.startup.HostConfig.deployDirectory Deployment of web application directory [/home/ec2-user/apache-tomcat-8.5.28-staging-server/webapps/docs] has finished in [50] ms
27-Feb-2018 02:20:32.096 INFO [localhost-startStop-1] org.apache.catalina.startup.HostConfig.deployDirectory Deploying web application directory [/home/ec2-user/apache-tomcat-8.5.28-staging-server/webapps/host-manager]
27-Feb-2018 02:20:32.176 INFO [localhost-startStop-1] org.apache.catalina.startup.HostConfig.deployDirectory Deployment of web application directory [/home/ec2-user/apache-tomcat-8.5.28-staging-server/webapps/host-manager] has finished in [80] ms
27-Feb-2018 02:20:32.180 INFO [localhost-startStop-1] org.apache.catalina.startup.HostConfig.deployDirectory Deploying web application directory [/home/ec2-user/apache-tomcat-8.5.28-staging-server/webapps/ROOT]
27-Feb-2018 02:20:32.224 INFO [localhost-startStop-1] org.apache.catalina.startup.HostConfig.deployDirectory Deployment of web application directory [/home/ec2-user/apache-tomcat-8.5.28-staging-server/webapps/ROOT] has finished in [44] ms
27-Feb-2018 02:20:32.225 INFO [localhost-startStop-1] org.apache.catalina.startup.HostConfig.deployDirectory Deploying web application directory [/home/ec2-user/apache-tomcat-8.5.28-staging-server/webapps/manager]
27-Feb-2018 02:20:32.287 INFO [localhost-startStop-1] org.apache.catalina.startup.HostConfig.deployDirectory Deployment of web application directory [/home/ec2-user/apache-tomcat-8.5.28-staging-server/webapps/manager] has finished in [61] ms
27-Feb-2018 02:20:32.298 INFO [main] org.apache.coyote.AbstractProtocol.start Starting ProtocolHandler ["http-nio-8090"]
27-Feb-2018 02:20:32.343 INFO [main] org.apache.coyote.AbstractProtocol.start Starting ProtocolHandler ["ajp-nio-8009"]
27-Feb-2018 02:20:32.364 INFO [main] org.apache.catalina.startup.Catalina.start Server startup in 2015 ms
27-Feb-2018 02:25:01.944 INFO [http-nio-8090-exec-9] org.apache.catalina.startup.HostConfig.undeploy Undeploying context [/webapp]
27-Feb-2018 02:25:01.954 INFO [http-nio-8090-exec-8] org.apache.catalina.startup.HostConfig.deployWAR Deploying web application archive [/home/ec2-user/apache-tomcat-8.5.28-staging-server/webapps/webapp.war]
27-Feb-2018 02:25:01.986 INFO [http-nio-8090-exec-8] org.apache.catalina.startup.HostConfig.deployWAR Deployment of web application archive [/home/ec2-user/apache-tomcat-8.5.28-staging-server/webapps/webapp.war] has finished in [32] ms
27-Feb-2018 02:34:26.893 INFO [http-nio-8090-exec-15] org.apache.catalina.startup.HostConfig.undeploy Undeploying context [/webapp]
27-Feb-2018 02:34:26.898 INFO [http-nio-8090-exec-15] org.apache.catalina.startup.HostConfig.deployWAR Deploying web application archive [/home/ec2-user/apache-tomcat-8.5.28-staging-server/webapps/webapp.war]
27-Feb-2018 02:34:26.917 INFO [http-nio-8090-exec-15] org.apache.catalina.startup.HostConfig.deployWAR Deployment of web application archive [/home/ec2-user/apache-tomcat-8.5.28-staging-server/webapps/webapp.war] has finished in [19] ms
27-Feb-2018 02:36:41.899 INFO [http-nio-8090-exec-23] org.apache.catalina.startup.HostConfig.undeploy Undeploying context [/webapp]
27-Feb-2018 02:36:41.910 INFO [http-nio-8090-exec-26] org.apache.catalina.startup.HostConfig.deployWAR Deploying web application archive [/home/ec2-user/apache-tomcat-8.5.28-staging-server/webapps/webapp.war]
27-Feb-2018 02:36:41.929 INFO [http-nio-8090-exec-26] org.apache.catalina.startup.HostConfig.deployWAR Deployment of web application archive [/home/ec2-user/apache-tomcat-8.5.28-staging-server/webapps/webapp.war] has finished in [18] ms
