27-Feb-2018 01:52:26.317 INFO [http-nio-8090-exec-5] org.apache.catalina.core.ApplicationContext.log Manager: init: Associated with Deployer 'Catalina:type=Deployer,host=localhost'
27-Feb-2018 01:52:26.320 INFO [http-nio-8090-exec-5] org.apache.catalina.core.ApplicationContext.log Manager: init: Global resources are available
27-Feb-2018 01:52:26.321 INFO [http-nio-8090-exec-5] org.apache.catalina.core.ApplicationContext.log Manager: list: Listing contexts for virtual host 'localhost'
27-Feb-2018 01:52:26.334 INFO [http-nio-8090-exec-6] org.apache.catalina.core.ApplicationContext.log Manager: deploy: Deploying web application '/webapp'
27-Feb-2018 01:52:26.336 INFO [http-nio-8090-exec-6] org.apache.catalina.core.ApplicationContext.log Manager: Uploading WAR file to /home/ec2-user/apache-tomcat-8.5.28/webapps/webapp.war
27-Feb-2018 02:03:11.324 INFO [http-nio-8090-exec-5] org.apache.catalina.core.ApplicationContext.log Manager: list: Listing contexts for virtual host 'localhost'
27-Feb-2018 02:03:11.329 INFO [http-nio-8090-exec-6] org.apache.catalina.core.ApplicationContext.log Manager: list: Listing contexts for virtual host 'localhost'
27-Feb-2018 02:03:11.332 INFO [http-nio-8090-exec-6] org.apache.catalina.core.ApplicationContext.log Manager: undeploy: Undeploying web application at '/webapp'
27-Feb-2018 02:03:11.887 INFO [http-nio-8090-exec-10] org.apache.catalina.core.ApplicationContext.log Manager: deploy: Deploying web application '/webapp'
27-Feb-2018 02:03:11.887 INFO [http-nio-8090-exec-10] org.apache.catalina.core.ApplicationContext.log Manager: Uploading WAR file to /home/ec2-user/apache-tomcat-8.5.28/webapps/webapp.war
27-Feb-2018 02:25:01.376 INFO [http-nio-8090-exec-7] org.apache.catalina.core.ApplicationContext.log Manager: init: Associated with Deployer 'Catalina:type=Deployer,host=localhost'
27-Feb-2018 02:25:01.380 INFO [http-nio-8090-exec-7] org.apache.catalina.core.ApplicationContext.log Manager: init: Global resources are available
27-Feb-2018 02:25:01.381 INFO [http-nio-8090-exec-7] org.apache.catalina.core.ApplicationContext.log Manager: list: Listing contexts for virtual host 'localhost'
27-Feb-2018 02:25:01.387 INFO [http-nio-8090-exec-6] org.apache.catalina.core.ApplicationContext.log Manager: list: Listing contexts for virtual host 'localhost'
27-Feb-2018 02:25:01.390 INFO [http-nio-8090-exec-9] org.apache.catalina.core.ApplicationContext.log Manager: undeploy: Undeploying web application at '/webapp'
27-Feb-2018 02:25:01.952 INFO [http-nio-8090-exec-8] org.apache.catalina.core.ApplicationContext.log Manager: deploy: Deploying web application '/webapp'
27-Feb-2018 02:25:01.953 INFO [http-nio-8090-exec-8] org.apache.catalina.core.ApplicationContext.log Manager: Uploading WAR file to /home/ec2-user/apache-tomcat-8.5.28-staging-server/webapps/webapp.war
27-Feb-2018 02:34:26.371 INFO [http-nio-8090-exec-13] org.apache.catalina.core.ApplicationContext.log Manager: list: Listing contexts for virtual host 'localhost'
27-Feb-2018 02:34:26.374 INFO [http-nio-8090-exec-14] org.apache.catalina.core.ApplicationContext.log Manager: list: Listing contexts for virtual host 'localhost'
27-Feb-2018 02:34:26.377 INFO [http-nio-8090-exec-15] org.apache.catalina.core.ApplicationContext.log Manager: undeploy: Undeploying web application at '/webapp'
27-Feb-2018 02:34:26.897 INFO [http-nio-8090-exec-15] org.apache.catalina.core.ApplicationContext.log Manager: deploy: Deploying web application '/webapp'
27-Feb-2018 02:34:26.897 INFO [http-nio-8090-exec-15] org.apache.catalina.core.ApplicationContext.log Manager: Uploading WAR file to /home/ec2-user/apache-tomcat-8.5.28-staging-server/webapps/webapp.war
27-Feb-2018 02:36:41.381 INFO [http-nio-8090-exec-21] org.apache.catalina.core.ApplicationContext.log Manager: list: Listing contexts for virtual host 'localhost'
27-Feb-2018 02:36:41.383 INFO [http-nio-8090-exec-22] org.apache.catalina.core.ApplicationContext.log Manager: list: Listing contexts for virtual host 'localhost'
27-Feb-2018 02:36:41.385 INFO [http-nio-8090-exec-23] org.apache.catalina.core.ApplicationContext.log Manager: undeploy: Undeploying web application at '/webapp'
27-Feb-2018 02:36:41.904 INFO [http-nio-8090-exec-26] org.apache.catalina.core.ApplicationContext.log Manager: deploy: Deploying web application '/webapp'
27-Feb-2018 02:36:41.904 INFO [http-nio-8090-exec-26] org.apache.catalina.core.ApplicationContext.log Manager: Uploading WAR file to /home/ec2-user/apache-tomcat-8.5.28-staging-server/webapps/webapp.war
