09-Mar-2018 21:49:27.153 INFO [http-nio-8090-exec-10] org.apache.catalina.core.ApplicationContext.log Manager: init: Associated with Deployer 'Catalina:type=Deployer,host=localhost'
09-Mar-2018 21:49:27.155 INFO [http-nio-8090-exec-10] org.apache.catalina.core.ApplicationContext.log Manager: init: Global resources are available
09-Mar-2018 21:49:27.155 INFO [http-nio-8090-exec-10] org.apache.catalina.core.ApplicationContext.log Manager: list: Listing contexts for virtual host 'localhost'
09-Mar-2018 21:49:27.165 INFO [http-nio-8090-exec-4] org.apache.catalina.core.ApplicationContext.log Manager: list: Listing contexts for virtual host 'localhost'
09-Mar-2018 21:49:27.167 INFO [http-nio-8090-exec-1] org.apache.catalina.core.ApplicationContext.log Manager: undeploy: Undeploying web application at '/webapp'
09-Mar-2018 21:49:27.739 INFO [http-nio-8090-exec-1] org.apache.catalina.core.ApplicationContext.log Manager: deploy: Deploying web application '/webapp'
09-Mar-2018 21:49:27.739 INFO [http-nio-8090-exec-1] org.apache.catalina.core.ApplicationContext.log Manager: Uploading WAR file to /home/ec2-user/apache-tomcat-8.5.28-staging-server/webapps/webapp.war
09-Mar-2018 22:20:21.753 INFO [http-nio-8090-exec-11] org.apache.catalina.core.ApplicationContext.log Manager: list: Listing contexts for virtual host 'localhost'
09-Mar-2018 22:20:21.756 INFO [http-nio-8090-exec-12] org.apache.catalina.core.ApplicationContext.log Manager: list: Listing contexts for virtual host 'localhost'
09-Mar-2018 22:20:21.758 INFO [http-nio-8090-exec-13] org.apache.catalina.core.ApplicationContext.log Manager: undeploy: Undeploying web application at '/webapp'
09-Mar-2018 22:20:22.311 INFO [http-nio-8090-exec-13] org.apache.catalina.core.ApplicationContext.log Manager: deploy: Deploying web application '/webapp'
09-Mar-2018 22:20:22.311 INFO [http-nio-8090-exec-13] org.apache.catalina.core.ApplicationContext.log Manager: Uploading WAR file to /home/ec2-user/apache-tomcat-8.5.28-staging-server/webapps/webapp.war
09-Mar-2018 22:20:51.761 INFO [http-nio-8090-exec-11] org.apache.catalina.core.ApplicationContext.log Manager: list: Listing contexts for virtual host 'localhost'
09-Mar-2018 22:20:51.770 INFO [http-nio-8090-exec-16] org.apache.catalina.core.ApplicationContext.log Manager: list: Listing contexts for virtual host 'localhost'
09-Mar-2018 22:20:51.772 INFO [http-nio-8090-exec-12] org.apache.catalina.core.ApplicationContext.log Manager: undeploy: Undeploying web application at '/webapp'
09-Mar-2018 22:20:52.284 INFO [http-nio-8090-exec-12] org.apache.catalina.core.ApplicationContext.log Manager: deploy: Deploying web application '/webapp'
09-Mar-2018 22:20:52.284 INFO [http-nio-8090-exec-12] org.apache.catalina.core.ApplicationContext.log Manager: Uploading WAR file to /home/ec2-user/apache-tomcat-8.5.28-staging-server/webapps/webapp.war
09-Mar-2018 22:22:36.766 INFO [http-nio-8090-exec-24] org.apache.catalina.core.ApplicationContext.log Manager: list: Listing contexts for virtual host 'localhost'
09-Mar-2018 22:22:36.772 INFO [http-nio-8090-exec-21] org.apache.catalina.core.ApplicationContext.log Manager: list: Listing contexts for virtual host 'localhost'
09-Mar-2018 22:22:36.774 INFO [http-nio-8090-exec-22] org.apache.catalina.core.ApplicationContext.log Manager: undeploy: Undeploying web application at '/webapp'
09-Mar-2018 22:22:37.300 INFO [http-nio-8090-exec-22] org.apache.catalina.core.ApplicationContext.log Manager: deploy: Deploying web application '/webapp'
09-Mar-2018 22:22:37.301 INFO [http-nio-8090-exec-22] org.apache.catalina.core.ApplicationContext.log Manager: Uploading WAR file to /home/ec2-user/apache-tomcat-8.5.28-staging-server/webapps/webapp.war
09-Mar-2018 22:41:21.789 INFO [http-nio-8090-exec-27] org.apache.catalina.core.ApplicationContext.log Manager: list: Listing contexts for virtual host 'localhost'
09-Mar-2018 22:41:21.792 INFO [http-nio-8090-exec-28] org.apache.catalina.core.ApplicationContext.log Manager: list: Listing contexts for virtual host 'localhost'
09-Mar-2018 22:41:21.794 INFO [http-nio-8090-exec-29] org.apache.catalina.core.ApplicationContext.log Manager: undeploy: Undeploying web application at '/webapp'
09-Mar-2018 22:41:22.308 INFO [http-nio-8090-exec-29] org.apache.catalina.core.ApplicationContext.log Manager: deploy: Deploying web application '/webapp'
09-Mar-2018 22:41:22.309 INFO [http-nio-8090-exec-29] org.apache.catalina.core.ApplicationContext.log Manager: Uploading WAR file to /home/ec2-user/apache-tomcat-8.5.28-staging-server/webapps/webapp.war
09-Mar-2018 22:49:21.810 INFO [http-nio-8090-exec-37] org.apache.catalina.core.ApplicationContext.log Manager: list: Listing contexts for virtual host 'localhost'
09-Mar-2018 22:49:21.814 INFO [http-nio-8090-exec-37] org.apache.catalina.core.ApplicationContext.log Manager: list: Listing contexts for virtual host 'localhost'
09-Mar-2018 22:49:21.816 INFO [http-nio-8090-exec-37] org.apache.catalina.core.ApplicationContext.log Manager: undeploy: Undeploying web application at '/webapp'
09-Mar-2018 22:49:22.325 INFO [http-nio-8090-exec-37] org.apache.catalina.core.ApplicationContext.log Manager: deploy: Deploying web application '/webapp'
09-Mar-2018 22:49:22.326 INFO [http-nio-8090-exec-37] org.apache.catalina.core.ApplicationContext.log Manager: Uploading WAR file to /home/ec2-user/apache-tomcat-8.5.28-staging-server/webapps/webapp.war
09-Mar-2018 22:50:31.878 INFO [http-nio-8090-exec-47] org.apache.catalina.core.ApplicationContext.log Manager: list: Listing contexts for virtual host 'localhost'
09-Mar-2018 22:50:31.893 INFO [http-nio-8090-exec-46] org.apache.catalina.core.ApplicationContext.log Manager: list: Listing contexts for virtual host 'localhost'
09-Mar-2018 22:50:31.896 INFO [http-nio-8090-exec-42] org.apache.catalina.core.ApplicationContext.log Manager: undeploy: Undeploying web application at '/webapp'
09-Mar-2018 22:50:32.434 INFO [http-nio-8090-exec-42] org.apache.catalina.core.ApplicationContext.log Manager: deploy: Deploying web application '/webapp'
09-Mar-2018 22:50:32.434 INFO [http-nio-8090-exec-42] org.apache.catalina.core.ApplicationContext.log Manager: Uploading WAR file to /home/ec2-user/apache-tomcat-8.5.28-staging-server/webapps/webapp.war
09-Mar-2018 22:52:36.834 INFO [http-nio-8090-exec-50] org.apache.catalina.core.ApplicationContext.log Manager: list: Listing contexts for virtual host 'localhost'
09-Mar-2018 22:52:36.837 INFO [http-nio-8090-exec-51] org.apache.catalina.core.ApplicationContext.log Manager: list: Listing contexts for virtual host 'localhost'
09-Mar-2018 22:52:36.839 INFO [http-nio-8090-exec-39] org.apache.catalina.core.ApplicationContext.log Manager: undeploy: Undeploying web application at '/webapp'
09-Mar-2018 22:52:37.349 INFO [http-nio-8090-exec-39] org.apache.catalina.core.ApplicationContext.log Manager: deploy: Deploying web application '/webapp'
09-Mar-2018 22:52:37.349 INFO [http-nio-8090-exec-39] org.apache.catalina.core.ApplicationContext.log Manager: Uploading WAR file to /home/ec2-user/apache-tomcat-8.5.28-staging-server/webapps/webapp.war
